0 info it worked if it ends with ok
1 verbose cli [ '/usr/bin/node', '/usr/bin/npm', 'start' ]
2 info using npm@6.4.1
3 info using node@v8.16.0
4 verbose run-script [ 'prestart', 'start', 'poststart' ]
5 info lifecycle cisco-sn@0.0.0~prestart: cisco-sn@0.0.0
6 info lifecycle cisco-sn@0.0.0~start: cisco-sn@0.0.0
7 verbose lifecycle cisco-sn@0.0.0~start: unsafe-perm in lifecycle true
8 verbose lifecycle cisco-sn@0.0.0~start: PATH: /usr/lib/node_modules/npm/node_modules/npm-lifecycle/node-gyp-bin:/home/joeln/cisco/node_modules/.bin:/usr/local/bin:/usr/bin:/usr/local/sbin:/usr/sbin:/home/joeln/.local/bin:/home/joeln/bin
9 verbose lifecycle cisco-sn@0.0.0~start: CWD: /home/joeln/cisco
10 silly lifecycle cisco-sn@0.0.0~start: Args: [ '-c', 'nodemon ./bin/www' ]
11 info lifecycle cisco-sn@0.0.0~start: Failed to exec start script
12 verbose stack Error: cisco-sn@0.0.0 start: `nodemon ./bin/www`
12 verbose stack spawn ENOENT
12 verbose stack     at ChildProcess.<anonymous> (/usr/lib/node_modules/npm/node_modules/npm-lifecycle/lib/spawn.js:48:18)
12 verbose stack     at emitTwo (events.js:126:13)
12 verbose stack     at ChildProcess.emit (events.js:214:7)
12 verbose stack     at maybeClose (internal/child_process.js:915:16)
12 verbose stack     at Process.ChildProcess._handle.onexit (internal/child_process.js:209:5)
13 verbose pkgid cisco-sn@0.0.0
14 verbose cwd /home/joeln/cisco
15 verbose Linux 3.10.0-957.21.3.el7.x86_64
16 verbose argv "/usr/bin/node" "/usr/bin/npm" "start"
17 verbose node v8.16.0
18 verbose npm  v6.4.1
19 error file sh
20 error code ELIFECYCLE
21 error errno ENOENT
22 error syscall spawn
23 error cisco-sn@0.0.0 start: `nodemon ./bin/www`
23 error spawn ENOENT
24 error Failed at the cisco-sn@0.0.0 start script.
24 error This is probably not a problem with npm. There is likely additional logging output above.
25 verbose exit [ 1, true ]
