0 info it worked if it ends with ok
1 verbose cli [ '/usr/bin/node', '/usr/bin/npm', 'i', 'pm2', '-g' ]
2 info using npm@6.4.1
3 info using node@v8.16.0
4 verbose npm-session 1440ed45a0dbe5a8
5 silly install loadCurrentTree
6 silly install readGlobalPackageData
7 http fetch GET 200 https://registry.npmjs.org/pm2 140ms
8 silly pacote tag manifest for pm2@latest fetched in 174ms
9 timing stage:loadCurrentTree Completed in 379ms
10 silly install loadIdealTree
11 silly install cloneCurrentTreeToIdealTree
12 timing stage:loadIdealTree:cloneCurrentTree Completed in 1ms
13 silly install loadShrinkwrap
14 timing stage:loadIdealTree:loadShrinkwrap Completed in 2ms
15 silly install loadAllDepsIntoIdealTree
16 silly resolveWithNewModule pm2@3.5.1 checking installable status
17 http fetch GET 200 https://registry.npmjs.org/cron 162ms
18 http fetch GET 200 https://registry.npmjs.org/async 168ms
19 silly pacote range manifest for cron@^1.3 fetched in 180ms
20 silly resolveWithNewModule cron@1.7.2 checking installable status
21 silly pacote range manifest for async@^2.6.1 fetched in 189ms
22 silly resolveWithNewModule async@2.6.3 checking installable status
23 http fetch GET 200 https://registry.npmjs.org/blessed 190ms
24 silly pacote range manifest for blessed@^0.1.81 fetched in 194ms
25 silly resolveWithNewModule blessed@0.1.81 checking installable status
26 http fetch GET 200 https://registry.npmjs.org/chokidar 231ms
27 http fetch GET 200 https://registry.npmjs.org/date-fns 55ms
28 http fetch GET 200 https://registry.npmjs.org/eventemitter2 50ms
29 http fetch GET 200 https://registry.npmjs.org/debug 111ms
30 silly pacote range manifest for chokidar@^2.0.4 fetched in 301ms
31 silly resolveWithNewModule chokidar@2.1.8 checking installable status
32 silly pacote range manifest for date-fns@^1.29.0 fetched in 120ms
33 silly resolveWithNewModule date-fns@1.30.1 checking installable status
34 silly pacote range manifest for debug@^3.1 fetched in 146ms
35 silly resolveWithNewModule debug@3.2.6 checking installable status
36 http fetch GET 200 https://registry.npmjs.org/commander 341ms
37 http fetch GET 200 https://registry.npmjs.org/chalk 344ms
38 http fetch GET 200 https://registry.npmjs.org/fclone 45ms
39 http fetch GET 200 https://registry.npmjs.org/eventemitter2/-/eventemitter2-5.0.1.tgz 62ms
40 silly pacote range manifest for chalk@^2.4.1 fetched in 356ms
41 silly resolveWithNewModule chalk@2.4.2 checking installable status
42 silly pacote version manifest for commander@2.15.1 fetched in 365ms
43 silly resolveWithNewModule commander@2.15.1 checking installable status
44 silly pacote version manifest for eventemitter2@5.0.1 fetched in 192ms
45 silly resolveWithNewModule eventemitter2@5.0.1 checking installable status
46 silly pacote version manifest for fclone@1.0.11 fetched in 91ms
47 silly resolveWithNewModule fclone@1.0.11 checking installable status
48 http fetch GET 200 https://registry.npmjs.org/moment 67ms
49 http fetch GET 304 https://registry.npmjs.org/mkdirp 102ms (from cache)
50 silly pacote range manifest for moment@^2.22.2 fetched in 85ms
51 silly resolveWithNewModule moment@2.24.0 checking installable status
52 silly pacote version manifest for mkdirp@0.5.1 fetched in 118ms
53 silly resolveWithNewModule mkdirp@0.5.1 checking installable status
54 http fetch GET 200 https://registry.npmjs.org/pm2-axon 43ms
55 http fetch GET 200 https://registry.npmjs.org/pm2-axon-rpc 43ms
56 silly pacote version manifest for pm2-axon@3.3.0 fetched in 53ms
57 silly resolveWithNewModule pm2-axon@3.3.0 checking installable status
58 http fetch GET 304 https://registry.npmjs.org/pidusage 84ms (from cache)
59 http fetch GET 304 https://registry.npmjs.org/needle 96ms (from cache)
60 silly pacote range manifest for pm2-axon-rpc@^0.5.1 fetched in 64ms
61 silly resolveWithNewModule pm2-axon-rpc@0.5.1 checking installable status
62 http fetch GET 200 https://registry.npmjs.org/pm2-deploy 39ms
63 silly pacote range manifest for needle@^2.2.1 fetched in 108ms
64 silly resolveWithNewModule needle@2.4.0 checking installable status
65 http fetch GET 200 https://registry.npmjs.org/pm2-multimeter 42ms
66 silly pacote range manifest for pidusage@^2.0.14 fetched in 100ms
67 silly resolveWithNewModule pidusage@2.0.17 checking installable status
68 silly pacote range manifest for pm2-deploy@^0.4.0 fetched in 59ms
69 silly resolveWithNewModule pm2-deploy@0.4.0 checking installable status
70 silly pacote range manifest for pm2-multimeter@^0.1.2 fetched in 60ms
71 silly resolveWithNewModule pm2-multimeter@0.1.2 checking installable status
72 http fetch GET 200 https://registry.npmjs.org/promptly 39ms
73 http fetch GET 200 https://registry.npmjs.org/shelljs 40ms
74 http fetch GET 200 https://registry.npmjs.org/semver 47ms
75 silly pacote range manifest for promptly@^2 fetched in 65ms
76 silly resolveWithNewModule promptly@2.2.0 checking installable status
77 http fetch GET 200 https://registry.npmjs.org/v8-compile-cache 42ms
78 silly pacote range manifest for semver@^5.5 fetched in 68ms
79 silly resolveWithNewModule semver@5.7.1 checking installable status
80 http fetch GET 200 https://registry.npmjs.org/source-map-support 60ms
81 silly pacote range manifest for shelljs@~0.8.2 fetched in 67ms
82 silly resolveWithNewModule shelljs@0.8.3 checking installable status
83 http fetch GET 200 https://registry.npmjs.org/vizion 34ms
84 silly pacote range manifest for v8-compile-cache@^2.0.0 fetched in 64ms
85 silly resolveWithNewModule v8-compile-cache@2.1.0 checking installable status
86 silly pacote range manifest for source-map-support@^0.5.6 fetched in 82ms
87 silly resolveWithNewModule source-map-support@0.5.13 checking installable status
88 silly pacote range manifest for vizion@~2.0.2 fetched in 47ms
89 silly resolveWithNewModule vizion@2.0.2 checking installable status
90 http fetch GET 200 https://registry.npmjs.org/yamljs 31ms
91 http fetch GET 304 https://registry.npmjs.org/sprintf-js 82ms (from cache)
92 silly pacote range manifest for yamljs@^0.3.0 fetched in 38ms
93 silly resolveWithNewModule yamljs@0.3.0 checking installable status
94 http fetch GET 200 https://registry.npmjs.org/sprintf-js/-/sprintf-js-1.1.1.tgz 23ms
95 silly pacote version manifest for sprintf-js@1.1.1 fetched in 109ms
96 silly resolveWithNewModule sprintf-js@1.1.1 checking installable status
97 http fetch GET 200 https://registry.npmjs.org/@pm2%2fagent 919ms
98 silly pacote range manifest for @pm2/agent@^0.5.22 fetched in 926ms
99 silly resolveWithNewModule @pm2/agent@0.5.26 checking installable status
100 http fetch GET 200 https://registry.npmjs.org/@pm2%2fjs-api 991ms
101 silly pacote range manifest for @pm2/js-api@^0.5.43 fetched in 997ms
102 silly resolveWithNewModule @pm2/js-api@0.5.60 checking installable status
103 http fetch GET 200 https://registry.npmjs.org/@pm2%2fio 1317ms
104 silly pacote range manifest for @pm2/io@^4.1.2 fetched in 1325ms
105 silly resolveWithNewModule @pm2/io@4.3.2 checking installable status
106 http fetch GET 200 https://registry.npmjs.org/cli-table-redemption 5093ms
107 silly pacote range manifest for cli-table-redemption@^1.0.0 fetched in 5097ms
108 silly resolveWithNewModule cli-table-redemption@1.0.1 checking installable status
109 http fetch GET 200 https://registry.npmjs.org/proxy-agent 25ms
110 http fetch GET 200 https://registry.npmjs.org/nssocket 28ms
111 silly pacote range manifest for proxy-agent@^3.1.0 fetched in 34ms
112 silly resolveWithNewModule proxy-agent@3.1.0 checking installable status
113 silly pacote range manifest for nssocket@^0.6.0 fetched in 37ms
114 silly resolveWithNewModule nssocket@0.6.0 checking installable status
115 http fetch GET 200 https://registry.npmjs.org/ws 53ms
116 silly pacote range manifest for ws@^5.1.0 fetched in 60ms
117 silly resolveWithNewModule ws@5.2.2 checking installable status
118 http fetch GET 200 https://registry.npmjs.org/lodash 108ms
119 silly pacote range manifest for lodash@^4.17.14 fetched in 112ms
120 silly resolveWithNewModule lodash@4.17.15 checking installable status
121 http fetch GET 304 https://registry.npmjs.org/escape-string-regexp 39ms (from cache)
122 http fetch GET 200 https://registry.npmjs.org/ansi-styles 44ms
123 silly pacote range manifest for escape-string-regexp@^1.0.5 fetched in 46ms
124 silly resolveWithNewModule escape-string-regexp@1.0.5 checking installable status
125 http fetch GET 200 https://registry.npmjs.org/supports-color 46ms
126 silly pacote range manifest for supports-color@^5.3.0 fetched in 49ms
127 silly resolveWithNewModule supports-color@5.5.0 checking installable status
128 silly pacote range manifest for ansi-styles@^3.2.1 fetched in 53ms
129 silly resolveWithNewModule ansi-styles@3.2.1 checking installable status
130 http fetch GET 200 https://registry.npmjs.org/color-convert 39ms
131 silly pacote range manifest for color-convert@^1.9.0 fetched in 48ms
132 silly resolveWithNewModule color-convert@1.9.3 checking installable status
133 http fetch GET 304 https://registry.npmjs.org/color-name 79ms (from cache)
134 silly pacote version manifest for color-name@1.1.3 fetched in 81ms
135 silly resolveWithNewModule color-name@1.1.3 checking installable status
136 http fetch GET 304 https://registry.npmjs.org/has-flag 41ms (from cache)
137 silly pacote range manifest for has-flag@^3.0.0 fetched in 45ms
138 silly resolveWithNewModule has-flag@3.0.0 checking installable status
139 http fetch GET 200 https://registry.npmjs.org/lazy 19ms
140 silly pacote range manifest for lazy@~1.0.11 fetched in 27ms
141 silly resolveWithNewModule lazy@1.0.11 checking installable status
142 http fetch GET 200 https://registry.npmjs.org/eventemitter2/-/eventemitter2-0.4.14.tgz 29ms
143 silly pacote range manifest for eventemitter2@~0.4.14 fetched in 35ms
144 silly resolveWithNewModule eventemitter2@0.4.14 checking installable status
145 http fetch GET 200 https://registry.npmjs.org/amp 22ms
146 http fetch GET 200 https://registry.npmjs.org/escape-regexp 25ms
147 silly pacote range manifest for amp@~0.3.1 fetched in 29ms
148 silly resolveWithNewModule amp@0.3.1 checking installable status
149 silly pacote version manifest for escape-regexp@0.0.1 fetched in 31ms
150 silly resolveWithNewModule escape-regexp@0.0.1 checking installable status
151 http fetch GET 200 https://registry.npmjs.org/amp-message 55ms
152 silly pacote range manifest for amp-message@~0.1.1 fetched in 59ms
153 silly resolveWithNewModule amp-message@0.1.2 checking installable status
154 http fetch GET 200 https://registry.npmjs.org/ms 30ms
155 silly pacote range manifest for ms@^2.1.1 fetched in 33ms
156 silly resolveWithNewModule ms@2.1.2 checking installable status
157 http fetch GET 200 https://registry.npmjs.org/pac-proxy-agent 31ms
158 http fetch GET 200 https://registry.npmjs.org/http-proxy-agent 33ms
159 silly pacote range manifest for pac-proxy-agent@^3.0.0 fetched in 49ms
160 silly resolveWithNewModule pac-proxy-agent@3.0.0 checking installable status
161 silly pacote range manifest for http-proxy-agent@^2.1.0 fetched in 54ms
162 silly resolveWithNewModule http-proxy-agent@2.1.0 checking installable status
163 http fetch GET 200 https://registry.npmjs.org/https-proxy-agent 57ms
164 http fetch GET 304 https://registry.npmjs.org/lru-cache 60ms (from cache)
165 silly pacote range manifest for https-proxy-agent@^2.2.1 fetched in 64ms
166 silly resolveWithNewModule https-proxy-agent@2.2.2 checking installable status
167 http fetch GET 304 https://registry.npmjs.org/agent-base 65ms (from cache)
168 http fetch GET 304 https://registry.npmjs.org/proxy-from-env 67ms (from cache)
169 silly pacote range manifest for lru-cache@^4.1.2 fetched in 69ms
170 silly resolveWithNewModule lru-cache@4.1.5 checking installable status
171 silly pacote range manifest for proxy-from-env@^1.0.0 fetched in 72ms
172 silly resolveWithNewModule proxy-from-env@1.0.0 checking installable status
173 silly pacote range manifest for agent-base@^4.2.0 fetched in 77ms
174 silly resolveWithNewModule agent-base@4.3.0 checking installable status
175 http fetch GET 200 https://registry.npmjs.org/socks-proxy-agent 155ms
176 silly pacote range manifest for socks-proxy-agent@^4.0.1 fetched in 158ms
177 silly resolveWithNewModule socks-proxy-agent@4.0.2 checking installable status
178 http fetch GET 200 https://registry.npmjs.org/es6-promisify 26ms
179 silly pacote range manifest for es6-promisify@^5.0.0 fetched in 34ms
180 silly resolveWithNewModule es6-promisify@5.0.0 checking installable status
181 http fetch GET 304 https://registry.npmjs.org/es6-promise 370ms (from cache)
182 silly pacote range manifest for es6-promise@^4.0.3 fetched in 391ms
183 silly resolveWithNewModule es6-promise@4.2.8 checking installable status
184 silly pacote version manifest for debug@3.1.0 fetched in 2ms
185 silly resolveWithNewModule debug@3.1.0 checking installable status
186 silly pacote version manifest for ms@2.0.0 fetched in 1ms
187 silly resolveWithNewModule ms@2.0.0 checking installable status
188 http fetch GET 304 https://registry.npmjs.org/pseudomap 29ms (from cache)
189 silly pacote range manifest for pseudomap@^1.0.2 fetched in 33ms
190 silly resolveWithNewModule pseudomap@1.0.2 checking installable status
191 http fetch GET 200 https://registry.npmjs.org/yallist 43ms
192 silly pacote range manifest for yallist@^2.1.2 fetched in 46ms
193 silly resolveWithNewModule yallist@2.1.2 checking installable status
194 http fetch GET 200 https://registry.npmjs.org/pac-resolver 36ms
195 http fetch GET 200 https://registry.npmjs.org/get-uri 38ms
196 silly pacote range manifest for pac-resolver@^3.0.0 fetched in 46ms
197 silly resolveWithNewModule pac-resolver@3.0.0 checking installable status
198 silly pacote range manifest for get-uri@^2.0.0 fetched in 48ms
199 silly resolveWithNewModule get-uri@2.0.3 checking installable status
200 http fetch GET 304 https://registry.npmjs.org/raw-body 47ms (from cache)
201 silly pacote range manifest for raw-body@^2.2.0 fetched in 51ms
202 silly resolveWithNewModule raw-body@2.4.1 checking installable status
203 silly pacote range manifest for debug@4 fetched in 17ms
204 silly resolveWithNewModule debug@4.1.1 checking installable status
205 http fetch GET 200 https://registry.npmjs.org/ftp 27ms
206 http fetch GET 200 https://registry.npmjs.org/data-uri-to-buffer 29ms
207 silly pacote range manifest for data-uri-to-buffer@2 fetched in 36ms
208 silly resolveWithNewModule data-uri-to-buffer@2.0.2 checking installable status
209 http fetch GET 304 https://registry.npmjs.org/readable-stream 41ms (from cache)
210 silly pacote range manifest for readable-stream@3 fetched in 71ms
211 silly resolveWithNewModule readable-stream@3.4.0 checking installable status
212 http fetch GET 200 https://registry.npmjs.org/file-uri-to-path 72ms
213 http fetch GET 200 https://registry.npmjs.org/ftp/-/ftp-0.3.10.tgz 45ms
214 http fetch GET 304 https://registry.npmjs.org/extend 79ms (from cache)
215 silly pacote range manifest for ftp@~0.3.10 fetched in 81ms
216 silly resolveWithNewModule ftp@0.3.10 checking installable status
217 silly pacote range manifest for file-uri-to-path@1 fetched in 80ms
218 silly resolveWithNewModule file-uri-to-path@1.0.0 checking installable status
219 silly pacote range manifest for extend@~3.0.2 fetched in 89ms
220 silly resolveWithNewModule extend@3.0.2 checking installable status
221 http fetch GET 200 https://registry.npmjs.org/xregexp 24ms
222 http fetch GET 200 https://registry.npmjs.org/readable-stream/-/readable-stream-1.1.14.tgz 23ms
223 silly pacote range manifest for readable-stream@1.1.x fetched in 28ms
224 silly resolveWithNewModule readable-stream@1.1.14 checking installable status
225 http fetch GET 200 https://registry.npmjs.org/xregexp/-/xregexp-2.0.0.tgz 24ms
226 silly pacote version manifest for xregexp@2.0.0 fetched in 52ms
227 silly resolveWithNewModule xregexp@2.0.0 checking installable status
228 http fetch GET 200 https://registry.npmjs.org/string_decoder 33ms
229 http fetch GET 304 https://registry.npmjs.org/core-util-is 47ms (from cache)
230 http fetch GET 304 https://registry.npmjs.org/isarray 49ms (from cache)
231 http fetch GET 304 https://registry.npmjs.org/inherits 48ms (from cache)
232 http fetch GET 200 https://registry.npmjs.org/string_decoder/-/string_decoder-0.10.31.tgz 18ms
233 silly pacote range manifest for string_decoder@~0.10.x fetched in 56ms
234 silly resolveWithNewModule string_decoder@0.10.31 checking installable status
235 silly pacote range manifest for core-util-is@~1.0.0 fetched in 61ms
236 silly resolveWithNewModule core-util-is@1.0.2 checking installable status
237 silly pacote range manifest for inherits@~2.0.1 fetched in 67ms
238 silly resolveWithNewModule inherits@2.0.4 checking installable status
239 http fetch GET 200 https://registry.npmjs.org/isarray/-/isarray-0.0.1.tgz 17ms
240 silly pacote version manifest for isarray@0.0.1 fetched in 82ms
241 silly resolveWithNewModule isarray@0.0.1 checking installable status
242 silly pacote range manifest for string_decoder@^1.1.1 fetched in 7ms
243 silly resolveWithNewModule string_decoder@1.3.0 checking installable status
244 http fetch GET 304 https://registry.npmjs.org/util-deprecate 33ms (from cache)
245 silly pacote range manifest for util-deprecate@^1.0.1 fetched in 35ms
246 silly resolveWithNewModule util-deprecate@1.0.2 checking installable status
247 http fetch GET 304 https://registry.npmjs.org/safe-buffer 38ms (from cache)
248 silly pacote range manifest for safe-buffer@~5.2.0 fetched in 39ms
249 silly resolveWithNewModule safe-buffer@5.2.0 checking installable status
250 http fetch GET 200 https://registry.npmjs.org/co 33ms
251 http fetch GET 200 https://registry.npmjs.org/thunkify 33ms
252 http fetch GET 200 https://registry.npmjs.org/ip 34ms
253 http fetch GET 200 https://registry.npmjs.org/degenerator 37ms
254 http fetch GET 200 https://registry.npmjs.org/netmask 39ms
255 silly pacote range manifest for co@^4.6.0 fetched in 45ms
256 silly resolveWithNewModule co@4.6.0 checking installable status
257 silly pacote range manifest for thunkify@^2.1.2 fetched in 45ms
258 silly resolveWithNewModule thunkify@2.1.2 checking installable status
259 silly pacote range manifest for ip@^1.1.5 fetched in 47ms
260 silly resolveWithNewModule ip@1.1.5 checking installable status
261 silly pacote range manifest for degenerator@^1.0.4 fetched in 48ms
262 silly resolveWithNewModule degenerator@1.0.4 checking installable status
263 silly pacote range manifest for netmask@^1.0.6 fetched in 49ms
264 silly resolveWithNewModule netmask@1.0.6 checking installable status
265 http fetch GET 200 https://registry.npmjs.org/ast-types 27ms
266 http fetch GET 200 https://registry.npmjs.org/escodegen 33ms
267 silly pacote range manifest for ast-types@0.x.x fetched in 36ms
268 silly resolveWithNewModule ast-types@0.13.2 checking installable status
269 silly pacote range manifest for escodegen@1.x.x fetched in 39ms
270 silly resolveWithNewModule escodegen@1.12.0 checking installable status
271 http fetch GET 200 https://registry.npmjs.org/esprima 64ms
272 http fetch GET 200 https://registry.npmjs.org/esprima/-/esprima-3.1.3.tgz 32ms
273 silly pacote range manifest for esprima@3.x.x fetched in 102ms
274 silly resolveWithNewModule esprima@3.1.3 checking installable status
275 http fetch GET 200 https://registry.npmjs.org/estraverse 43ms
276 http fetch GET 200 https://registry.npmjs.org/esutils 44ms
277 http fetch GET 304 https://registry.npmjs.org/optionator 44ms (from cache)
278 silly pacote range manifest for estraverse@^4.2.0 fetched in 50ms
279 silly resolveWithNewModule estraverse@4.3.0 checking installable status
280 silly pacote range manifest for esutils@^2.0.2 fetched in 52ms
281 silly resolveWithNewModule esutils@2.0.3 checking installable status
282 silly pacote range manifest for optionator@^0.8.1 fetched in 54ms
283 silly resolveWithNewModule optionator@0.8.2 checking installable status
284 http fetch GET 304 https://registry.npmjs.org/source-map 57ms (from cache)
285 silly pacote range manifest for source-map@~0.6.1 fetched in 68ms
286 silly resolveWithNewModule source-map@0.6.1 checking installable status
287 http fetch GET 304 https://registry.npmjs.org/prelude-ls 42ms (from cache)
288 silly pacote range manifest for prelude-ls@~1.1.2 fetched in 46ms
289 silly resolveWithNewModule prelude-ls@1.1.2 checking installable status
290 http fetch GET 304 https://registry.npmjs.org/deep-is 46ms (from cache)
291 http fetch GET 304 https://registry.npmjs.org/wordwrap 49ms (from cache)
292 silly pacote range manifest for deep-is@~0.1.3 fetched in 53ms
293 silly resolveWithNewModule deep-is@0.1.3 checking installable status
294 silly pacote range manifest for wordwrap@~1.0.0 fetched in 59ms
295 silly resolveWithNewModule wordwrap@1.0.0 checking installable status
296 http fetch GET 304 https://registry.npmjs.org/fast-levenshtein 69ms (from cache)
297 silly pacote range manifest for fast-levenshtein@~2.0.4 fetched in 71ms
298 silly resolveWithNewModule fast-levenshtein@2.0.6 checking installable status
299 http fetch GET 304 https://registry.npmjs.org/levn 72ms (from cache)
300 silly pacote range manifest for levn@~0.3.0 fetched in 75ms
301 silly resolveWithNewModule levn@0.3.0 checking installable status
302 http fetch GET 304 https://registry.npmjs.org/type-check 108ms (from cache)
303 silly pacote range manifest for type-check@~0.3.2 fetched in 115ms
304 silly resolveWithNewModule type-check@0.3.2 checking installable status
305 http fetch GET 304 https://registry.npmjs.org/iconv-lite 33ms (from cache)
306 http fetch GET 304 https://registry.npmjs.org/http-errors 35ms (from cache)
307 silly pacote version manifest for iconv-lite@0.4.24 fetched in 39ms
308 silly resolveWithNewModule iconv-lite@0.4.24 checking installable status
309 http fetch GET 304 https://registry.npmjs.org/unpipe 39ms (from cache)
310 silly pacote version manifest for http-errors@1.7.3 fetched in 43ms
311 silly resolveWithNewModule http-errors@1.7.3 checking installable status
312 http fetch GET 304 https://registry.npmjs.org/bytes 45ms (from cache)
313 silly pacote version manifest for bytes@3.1.0 fetched in 46ms
314 silly resolveWithNewModule bytes@3.1.0 checking installable status
315 silly pacote version manifest for unpipe@1.0.0 fetched in 47ms
316 silly resolveWithNewModule unpipe@1.0.0 checking installable status
317 http fetch GET 304 https://registry.npmjs.org/depd 24ms (from cache)
318 http fetch GET 304 https://registry.npmjs.org/statuses 31ms (from cache)
319 silly pacote range manifest for depd@~1.1.2 fetched in 34ms
320 silly resolveWithNewModule depd@1.1.2 checking installable status
321 silly pacote range manifest for statuses@>= 1.5.0 < 2 fetched in 34ms
322 silly resolveWithNewModule statuses@1.5.0 checking installable status
323 http fetch GET 304 https://registry.npmjs.org/setprototypeof 37ms (from cache)
324 silly pacote version manifest for setprototypeof@1.1.1 fetched in 40ms
325 silly resolveWithNewModule setprototypeof@1.1.1 checking installable status
326 http fetch GET 304 https://registry.npmjs.org/toidentifier 48ms (from cache)
327 silly pacote version manifest for toidentifier@1.0.0 fetched in 50ms
328 silly resolveWithNewModule toidentifier@1.0.0 checking installable status
329 http fetch GET 304 https://registry.npmjs.org/safer-buffer 22ms (from cache)
330 silly pacote range manifest for safer-buffer@>= 2.1.2 < 3 fetched in 24ms
331 silly resolveWithNewModule safer-buffer@2.1.2 checking installable status
332 silly pacote range manifest for agent-base@~4.2.1 fetched in 4ms
333 silly resolveWithNewModule agent-base@4.2.1 checking installable status
334 http fetch GET 200 https://registry.npmjs.org/socks 20ms
335 silly pacote range manifest for socks@~2.3.2 fetched in 23ms
336 silly resolveWithNewModule socks@2.3.2 checking installable status
337 http fetch GET 200 https://registry.npmjs.org/smart-buffer 18ms
338 silly pacote version manifest for smart-buffer@4.0.2 fetched in 21ms
339 silly resolveWithNewModule smart-buffer@4.0.2 checking installable status
340 http fetch GET 200 https://registry.npmjs.org/async-limiter 23ms
341 silly pacote range manifest for async-limiter@~1.0.0 fetched in 26ms
342 silly resolveWithNewModule async-limiter@1.0.1 checking installable status
343 silly pacote version manifest for debug@3.1.0 fetched in 10ms
344 silly resolveWithNewModule debug@3.1.0 checking installable status
345 http fetch GET 200 https://registry.npmjs.org/event-loop-inspector 25ms
346 http fetch GET 200 https://registry.npmjs.org/require-in-the-middle 33ms
347 silly pacote range manifest for event-loop-inspector@~1.2.0 fetched in 35ms
348 silly resolveWithNewModule event-loop-inspector@1.2.2 checking installable status
349 silly pacote range manifest for require-in-the-middle@^4.0.0 fetched in 39ms
350 silly resolveWithNewModule require-in-the-middle@4.0.1 checking installable status
351 http fetch GET 304 https://registry.npmjs.org/shimmer 44ms (from cache)
352 http fetch GET 304 https://registry.npmjs.org/tslib 44ms (from cache)
353 silly pacote range manifest for shimmer@~1.2.0 fetched in 46ms
354 silly resolveWithNewModule shimmer@1.2.1 checking installable status
355 silly pacote version manifest for tslib@1.9.3 fetched in 48ms
356 silly resolveWithNewModule tslib@1.9.3 checking installable status
357 http fetch GET 304 https://registry.npmjs.org/signal-exit 135ms (from cache)
358 http fetch GET 200 https://registry.npmjs.org/semver/-/semver-5.5.0.tgz 133ms
359 silly pacote version manifest for signal-exit@3.0.2 fetched in 140ms
360 silly resolveWithNewModule signal-exit@3.0.2 checking installable status
361 silly pacote version manifest for semver@5.5.0 fetched in 142ms
362 silly resolveWithNewModule semver@5.5.0 checking installable status
363 http fetch GET 200 https://registry.npmjs.org/@opencensus%2fpropagation-b3 335ms
364 silly pacote range manifest for @opencensus/propagation-b3@^0.0.8 fetched in 339ms
365 silly resolveWithNewModule @opencensus/propagation-b3@0.0.8 checking installable status
366 http fetch GET 200 https://registry.npmjs.org/@opencensus%2fcore 413ms
367 silly pacote range manifest for @opencensus/core@^0.0.9 fetched in 417ms
368 silly resolveWithNewModule @opencensus/core@0.0.9 checking installable status
369 http fetch GET 200 https://registry.npmjs.org/@pm2%2fagent-node 516ms
370 silly pacote range manifest for @pm2/agent-node@^1.1.10 fetched in 520ms
371 silly resolveWithNewModule @pm2/agent-node@1.1.10 checking installable status
372 http fetch GET 200 https://registry.npmjs.org/log-driver 23ms
373 http fetch GET 200 https://registry.npmjs.org/continuation-local-storage 27ms
374 silly pacote range manifest for log-driver@^1.2.7 fetched in 28ms
375 silly resolveWithNewModule log-driver@1.2.7 checking installable status
376 silly pacote range manifest for continuation-local-storage@^3.2.1 fetched in 31ms
377 silly resolveWithNewModule continuation-local-storage@3.2.1 checking installable status
378 http fetch GET 200 https://registry.npmjs.org/uuid 48ms
379 silly pacote range manifest for uuid@^3.2.1 fetched in 51ms
380 silly resolveWithNewModule uuid@3.3.3 checking installable status
381 http fetch GET 200 https://registry.npmjs.org/async-listener 18ms
382 http fetch GET 200 https://registry.npmjs.org/emitter-listener 21ms
383 silly pacote range manifest for async-listener@^0.6.0 fetched in 24ms
384 silly resolveWithNewModule async-listener@0.6.10 checking installable status
385 silly pacote range manifest for emitter-listener@^1.1.1 fetched in 25ms
386 silly resolveWithNewModule emitter-listener@1.1.2 checking installable status
387 silly pacote range manifest for @opencensus/core@^0.0.8 fetched in 2ms
388 silly resolveWithNewModule @opencensus/core@0.0.8 checking installable status
389 silly pacote range manifest for ws@^6.0.0 fetched in 3ms
390 silly resolveWithNewModule ws@6.2.1 checking installable status
391 silly pacote version manifest for ms@2.0.0 fetched in 1ms
392 silly resolveWithNewModule ms@2.0.0 checking installable status
393 silly pacote range manifest for debug@^4.1.1 fetched in 3ms
394 silly resolveWithNewModule debug@4.1.1 checking installable status
395 http fetch GET 200 https://registry.npmjs.org/module-details-from-path 19ms
396 silly pacote range manifest for module-details-from-path@^1.0.3 fetched in 25ms
397 silly resolveWithNewModule module-details-from-path@1.0.3 checking installable status
398 http fetch GET 200 https://registry.npmjs.org/resolve 26ms
399 silly pacote range manifest for resolve@^1.12.0 fetched in 30ms
400 silly resolveWithNewModule resolve@1.12.0 checking installable status
401 http fetch GET 304 https://registry.npmjs.org/path-parse 25ms (from cache)
402 silly pacote range manifest for path-parse@^1.0.6 fetched in 27ms
403 silly resolveWithNewModule path-parse@1.0.6 checking installable status
404 silly pacote range manifest for debug@^2.6.8 fetched in 6ms
405 silly resolveWithNewModule debug@2.6.9 checking installable status
406 http fetch GET 200 https://registry.npmjs.org/ws/-/ws-3.3.3.tgz 30ms
407 http fetch GET 200 https://registry.npmjs.org/axios 35ms
408 http fetch GET 200 https://registry.npmjs.org/eventemitter2/-/eventemitter2-4.1.2.tgz 33ms
409 silly pacote range manifest for ws@^3.0.0 fetched in 38ms
410 silly resolveWithNewModule ws@3.3.3 checking installable status
411 silly pacote range manifest for eventemitter2@^4.1.0 fetched in 40ms
412 silly resolveWithNewModule eventemitter2@4.1.2 checking installable status
413 silly pacote range manifest for axios@^0.19.0 fetched in 42ms
414 silly resolveWithNewModule axios@0.19.0 checking installable status
415 http fetch GET 200 https://registry.npmjs.org/follow-redirects 89ms
416 http fetch GET 200 https://registry.npmjs.org/is-buffer 91ms
417 silly pacote version manifest for follow-redirects@1.5.10 fetched in 93ms
418 silly resolveWithNewModule follow-redirects@1.5.10 checking installable status
419 silly pacote range manifest for is-buffer@^2.0.2 fetched in 96ms
420 silly resolveWithNewModule is-buffer@2.0.4 checking installable status
421 silly pacote version manifest for debug@=3.1.0 fetched in 1ms
422 silly resolveWithNewModule debug@3.1.0 checking installable status
423 silly pacote version manifest for ms@2.0.0 fetched in 1ms
424 silly resolveWithNewModule ms@2.0.0 checking installable status
425 silly pacote version manifest for ms@2.0.0 fetched in 1ms
426 silly resolveWithNewModule ms@2.0.0 checking installable status
427 silly pacote range manifest for safe-buffer@~5.1.0 fetched in 4ms
428 silly resolveWithNewModule safe-buffer@5.1.2 checking installable status
429 http fetch GET 200 https://registry.npmjs.org/ultron 24ms
430 silly pacote range manifest for ultron@~1.1.0 fetched in 27ms
431 silly resolveWithNewModule ultron@1.1.1 checking installable status
432 http fetch GET 200 https://registry.npmjs.org/readdirp 55ms
433 http fetch GET 200 https://registry.npmjs.org/glob-parent 61ms
434 http fetch GET 200 https://registry.npmjs.org/upath 59ms
435 http fetch GET 200 https://registry.npmjs.org/anymatch 64ms
436 http fetch GET 304 https://registry.npmjs.org/async-each 66ms (from cache)
437 silly pacote range manifest for anymatch@^2.0.0 fetched in 71ms
438 silly resolveWithNewModule anymatch@2.0.0 checking installable status
439 silly pacote range manifest for async-each@^1.0.1 fetched in 73ms
440 silly resolveWithNewModule async-each@1.0.3 checking installable status
441 silly pacote range manifest for glob-parent@^3.1.0 fetched in 73ms
442 silly resolveWithNewModule glob-parent@3.1.0 checking installable status
443 silly pacote range manifest for readdirp@^2.2.1 fetched in 75ms
444 silly resolveWithNewModule readdirp@2.2.1 checking installable status
445 http fetch GET 304 https://registry.npmjs.org/braces 85ms (from cache)
446 silly pacote range manifest for upath@^1.1.1 fetched in 85ms
447 silly resolveWithNewModule upath@1.2.0 checking installable status
448 silly pacote range manifest for braces@^2.3.2 fetched in 90ms
449 silly resolveWithNewModule braces@2.3.2 checking installable status
450 http fetch GET 304 https://registry.npmjs.org/path-is-absolute 92ms (from cache)
451 http fetch GET 304 https://registry.npmjs.org/normalize-path 92ms (from cache)
452 silly pacote range manifest for normalize-path@^3.0.0 fetched in 97ms
453 silly resolveWithNewModule normalize-path@3.0.0 checking installable status
454 silly pacote range manifest for path-is-absolute@^1.0.0 fetched in 99ms
455 silly resolveWithNewModule path-is-absolute@1.0.1 checking installable status
456 http fetch GET 304 https://registry.npmjs.org/is-glob 102ms (from cache)
457 http fetch GET 304 https://registry.npmjs.org/is-binary-path 104ms (from cache)
458 silly pacote range manifest for is-glob@^4.0.0 fetched in 104ms
459 silly resolveWithNewModule is-glob@4.0.1 checking installable status
460 silly pacote range manifest for is-binary-path@^1.0.0 fetched in 107ms
461 silly resolveWithNewModule is-binary-path@1.0.1 checking installable status
462 http fetch GET 200 https://registry.npmjs.org/fsevents 37ms
463 silly pacote range manifest for fsevents@^1.2.7 fetched in 46ms
464 silly resolveWithNewModule fsevents@1.2.9 checking installable status
465 silly tarball trying https://registry.npmjs.org/fsevents/-/fsevents-1.2.9.tgz by hash: sha512-oeyj2H3EjjonWcFjD5NvZNE9Rqe4UW+nQBU2HNeKw0koVLEFIhtyETyAakeAM3de7Z/SW5kcA+fZUait9EApnw==
466 silly extract https://registry.npmjs.org/fsevents/-/fsevents-1.2.9.tgz extracted to /tmp/npm-65653-adfeb121/unpack-2d9e99f3 (265ms)
467 silly addBundled read tarball
468 silly cleanup remove extracted module
469 silly pacote range manifest for normalize-path@^2.1.1 fetched in 7ms
470 silly resolveWithNewModule normalize-path@2.1.1 checking installable status
471 http fetch GET 304 https://registry.npmjs.org/micromatch 33ms (from cache)
472 silly pacote range manifest for micromatch@^3.1.4 fetched in 48ms
473 silly resolveWithNewModule micromatch@3.1.10 checking installable status
474 http fetch GET 304 https://registry.npmjs.org/define-property 71ms (from cache)
475 http fetch GET 304 https://registry.npmjs.org/extend-shallow 71ms (from cache)
476 http fetch GET 304 https://registry.npmjs.org/arr-diff 72ms (from cache)
477 http fetch GET 304 https://registry.npmjs.org/array-unique 74ms (from cache)
478 http fetch GET 304 https://registry.npmjs.org/nanomatch 71ms (from cache)
479 http fetch GET 304 https://registry.npmjs.org/fragment-cache 74ms (from cache)
480 http fetch GET 304 https://registry.npmjs.org/kind-of 74ms (from cache)
481 http fetch GET 304 https://registry.npmjs.org/object.pick 75ms (from cache)
482 http fetch GET 304 https://registry.npmjs.org/regex-not 74ms (from cache)
483 silly pacote range manifest for define-property@^2.0.2 fetched in 78ms
484 silly resolveWithNewModule define-property@2.0.2 checking installable status
485 silly pacote range manifest for arr-diff@^4.0.0 fetched in 80ms
486 silly resolveWithNewModule arr-diff@4.0.0 checking installable status
487 http fetch GET 304 https://registry.npmjs.org/extglob 80ms (from cache)
488 silly pacote range manifest for array-unique@^0.3.2 fetched in 83ms
489 silly resolveWithNewModule array-unique@0.3.2 checking installable status
490 silly pacote range manifest for extend-shallow@^3.0.2 fetched in 83ms
491 silly resolveWithNewModule extend-shallow@3.0.2 checking installable status
492 silly pacote range manifest for nanomatch@^1.2.9 fetched in 93ms
493 silly resolveWithNewModule nanomatch@1.2.13 checking installable status
494 silly pacote range manifest for kind-of@^6.0.2 fetched in 95ms
495 silly resolveWithNewModule kind-of@6.0.2 checking installable status
496 silly pacote range manifest for fragment-cache@^0.2.1 fetched in 96ms
497 silly resolveWithNewModule fragment-cache@0.2.1 checking installable status
498 silly pacote range manifest for object.pick@^1.3.0 fetched in 100ms
499 silly resolveWithNewModule object.pick@1.3.0 checking installable status
500 silly pacote range manifest for regex-not@^1.0.0 fetched in 100ms
501 silly resolveWithNewModule regex-not@1.0.2 checking installable status
502 silly pacote range manifest for extglob@^2.0.4 fetched in 103ms
503 silly resolveWithNewModule extglob@2.0.4 checking installable status
504 http fetch GET 304 https://registry.npmjs.org/to-regex 35ms (from cache)
505 silly pacote range manifest for to-regex@^3.0.2 fetched in 37ms
506 silly resolveWithNewModule to-regex@3.0.2 checking installable status
507 http fetch GET 304 https://registry.npmjs.org/snapdragon 78ms (from cache)
508 silly pacote range manifest for snapdragon@^0.8.1 fetched in 86ms
509 silly resolveWithNewModule snapdragon@0.8.2 checking installable status
510 silly pacote range manifest for extend-shallow@^2.0.1 fetched in 11ms
511 silly resolveWithNewModule extend-shallow@2.0.1 checking installable status
512 http fetch GET 304 https://registry.npmjs.org/repeat-element 30ms (from cache)
513 silly pacote range manifest for repeat-element@^1.1.2 fetched in 33ms
514 silly resolveWithNewModule repeat-element@1.1.3 checking installable status
515 http fetch GET 304 https://registry.npmjs.org/snapdragon-node 39ms (from cache)
516 silly pacote range manifest for snapdragon-node@^2.0.1 fetched in 42ms
517 silly resolveWithNewModule snapdragon-node@2.1.1 checking installable status
518 http fetch GET 304 https://registry.npmjs.org/fill-range 44ms (from cache)
519 silly pacote range manifest for fill-range@^4.0.0 fetched in 46ms
520 silly resolveWithNewModule fill-range@4.0.0 checking installable status
521 http fetch GET 304 https://registry.npmjs.org/isobject 47ms (from cache)
522 silly pacote range manifest for isobject@^3.0.1 fetched in 48ms
523 silly resolveWithNewModule isobject@3.0.1 checking installable status
524 http fetch GET 304 https://registry.npmjs.org/split-string 132ms (from cache)
525 http fetch GET 304 https://registry.npmjs.org/arr-flatten 136ms (from cache)
526 silly pacote range manifest for split-string@^3.0.2 fetched in 135ms
527 silly resolveWithNewModule split-string@3.1.0 checking installable status
528 silly pacote range manifest for arr-flatten@^1.1.0 fetched in 138ms
529 silly resolveWithNewModule arr-flatten@1.1.0 checking installable status
530 http fetch GET 304 https://registry.npmjs.org/is-extendable 20ms (from cache)
531 silly pacote range manifest for is-extendable@^0.1.0 fetched in 22ms
532 silly resolveWithNewModule is-extendable@0.1.1 checking installable status
533 silly pacote range manifest for extend-shallow@^2.0.1 fetched in 2ms
534 silly resolveWithNewModule extend-shallow@2.0.1 checking installable status
535 http fetch GET 304 https://registry.npmjs.org/is-number 33ms (from cache)
536 http fetch GET 304 https://registry.npmjs.org/repeat-string 35ms (from cache)
537 silly pacote range manifest for is-number@^3.0.0 fetched in 36ms
538 silly resolveWithNewModule is-number@3.0.0 checking installable status
539 http fetch GET 304 https://registry.npmjs.org/to-regex-range 36ms (from cache)
540 silly pacote range manifest for to-regex-range@^2.1.0 fetched in 37ms
541 silly resolveWithNewModule to-regex-range@2.1.1 checking installable status
542 silly pacote range manifest for repeat-string@^1.6.1 fetched in 43ms
543 silly resolveWithNewModule repeat-string@1.6.1 checking installable status
544 silly pacote range manifest for kind-of@^3.0.2 fetched in 1ms
545 silly resolveWithNewModule kind-of@3.2.2 checking installable status
546 silly pacote range manifest for is-buffer@^1.1.5 fetched in 7ms
547 silly resolveWithNewModule is-buffer@1.1.6 checking installable status
548 silly pacote range manifest for debug@^2.2.0 fetched in 9ms
549 silly resolveWithNewModule debug@2.6.9 checking installable status
550 silly pacote range manifest for extend-shallow@^2.0.1 fetched in 9ms
551 silly resolveWithNewModule extend-shallow@2.0.1 checking installable status
552 silly pacote range manifest for define-property@^0.2.5 fetched in 9ms
553 silly resolveWithNewModule define-property@0.2.5 checking installable status
554 silly pacote range manifest for source-map@^0.5.6 fetched in 10ms
555 silly resolveWithNewModule source-map@0.5.7 checking installable status
556 http fetch GET 304 https://registry.npmjs.org/base 33ms (from cache)
557 silly pacote range manifest for base@^0.11.1 fetched in 35ms
558 silly resolveWithNewModule base@0.11.2 checking installable status
559 http fetch GET 304 https://registry.npmjs.org/source-map-resolve 35ms (from cache)
560 silly pacote range manifest for source-map-resolve@^0.5.0 fetched in 38ms
561 silly resolveWithNewModule source-map-resolve@0.5.2 checking installable status
562 http fetch GET 304 https://registry.npmjs.org/map-cache 117ms (from cache)
563 http fetch GET 304 https://registry.npmjs.org/use 117ms (from cache)
564 silly pacote range manifest for map-cache@^0.2.2 fetched in 120ms
565 silly resolveWithNewModule map-cache@0.2.2 checking installable status
566 silly pacote range manifest for use@^3.1.0 fetched in 119ms
567 silly resolveWithNewModule use@3.1.1 checking installable status
568 silly pacote range manifest for define-property@^1.0.0 fetched in 12ms
569 silly resolveWithNewModule define-property@1.0.0 checking installable status
570 http fetch GET 200 https://registry.npmjs.org/pascalcase 57ms
571 http fetch GET 304 https://registry.npmjs.org/cache-base 59ms (from cache)
572 silly pacote range manifest for pascalcase@^0.1.1 fetched in 60ms
573 silly resolveWithNewModule pascalcase@0.1.1 checking installable status
574 http fetch GET 304 https://registry.npmjs.org/class-utils 63ms (from cache)
575 silly pacote range manifest for cache-base@^1.0.1 fetched in 65ms
576 silly resolveWithNewModule cache-base@1.0.1 checking installable status
577 http fetch GET 304 https://registry.npmjs.org/mixin-deep 64ms (from cache)
578 http fetch GET 304 https://registry.npmjs.org/component-emitter 66ms (from cache)
579 silly pacote range manifest for class-utils@^0.3.5 fetched in 67ms
580 silly resolveWithNewModule class-utils@0.3.6 checking installable status
581 silly pacote range manifest for mixin-deep@^1.2.0 fetched in 67ms
582 silly resolveWithNewModule mixin-deep@1.3.2 checking installable status
583 silly pacote range manifest for component-emitter@^1.2.1 fetched in 72ms
584 silly resolveWithNewModule component-emitter@1.3.0 checking installable status
585 http fetch GET 304 https://registry.npmjs.org/collection-visit 57ms (from cache)
586 http fetch GET 304 https://registry.npmjs.org/to-object-path 57ms (from cache)
587 http fetch GET 304 https://registry.npmjs.org/set-value 58ms (from cache)
588 http fetch GET 304 https://registry.npmjs.org/union-value 59ms (from cache)
589 silly pacote range manifest for to-object-path@^0.3.0 fetched in 61ms
590 silly resolveWithNewModule to-object-path@0.3.0 checking installable status
591 silly pacote range manifest for collection-visit@^1.0.0 fetched in 62ms
592 silly resolveWithNewModule collection-visit@1.0.0 checking installable status
593 http fetch GET 304 https://registry.npmjs.org/get-value 64ms (from cache)
594 silly pacote range manifest for set-value@^2.0.0 fetched in 64ms
595 silly resolveWithNewModule set-value@2.0.1 checking installable status
596 silly pacote range manifest for union-value@^1.0.0 fetched in 64ms
597 silly resolveWithNewModule union-value@1.0.1 checking installable status
598 silly pacote range manifest for get-value@^2.0.6 fetched in 68ms
599 silly resolveWithNewModule get-value@2.0.6 checking installable status
600 http fetch GET 304 https://registry.npmjs.org/unset-value 74ms (from cache)
601 http fetch GET 304 https://registry.npmjs.org/has-value 76ms (from cache)
602 silly pacote range manifest for unset-value@^1.0.0 fetched in 76ms
603 silly resolveWithNewModule unset-value@1.0.0 checking installable status
604 silly pacote range manifest for has-value@^1.0.0 fetched in 78ms
605 silly resolveWithNewModule has-value@1.0.0 checking installable status
606 http fetch GET 304 https://registry.npmjs.org/map-visit 30ms (from cache)
607 silly pacote range manifest for map-visit@^1.0.0 fetched in 34ms
608 silly resolveWithNewModule map-visit@1.0.0 checking installable status
609 http fetch GET 304 https://registry.npmjs.org/object-visit 37ms (from cache)
610 silly pacote range manifest for object-visit@^1.0.0 fetched in 38ms
611 silly resolveWithNewModule object-visit@1.0.1 checking installable status
612 http fetch GET 304 https://registry.npmjs.org/has-values 30ms (from cache)
613 silly pacote range manifest for has-values@^1.0.0 fetched in 31ms
614 silly resolveWithNewModule has-values@1.0.0 checking installable status
615 silly pacote range manifest for kind-of@^4.0.0 fetched in 1ms
616 silly resolveWithNewModule kind-of@4.0.0 checking installable status
617 silly pacote range manifest for is-buffer@^1.1.5 fetched in 1ms
618 silly resolveWithNewModule is-buffer@1.1.6 checking installable status
619 silly pacote range manifest for extend-shallow@^2.0.1 fetched in 2ms
620 silly resolveWithNewModule extend-shallow@2.0.1 checking installable status
621 http fetch GET 304 https://registry.npmjs.org/is-plain-object 25ms (from cache)
622 silly pacote range manifest for is-plain-object@^2.0.3 fetched in 26ms
623 silly resolveWithNewModule is-plain-object@2.0.4 checking installable status
624 silly pacote range manifest for is-extendable@^1.0.1 fetched in 7ms
625 silly resolveWithNewModule is-extendable@1.0.1 checking installable status
626 http fetch GET 304 https://registry.npmjs.org/assign-symbols 28ms (from cache)
627 silly pacote range manifest for assign-symbols@^1.0.0 fetched in 31ms
628 silly resolveWithNewModule assign-symbols@1.0.0 checking installable status
629 silly pacote range manifest for kind-of@^3.0.2 fetched in 1ms
630 silly resolveWithNewModule kind-of@3.2.2 checking installable status
631 silly pacote range manifest for is-buffer@^1.1.5 fetched in 2ms
632 silly resolveWithNewModule is-buffer@1.1.6 checking installable status
633 http fetch GET 304 https://registry.npmjs.org/arr-union 158ms (from cache)
634 silly pacote range manifest for arr-union@^3.1.0 fetched in 160ms
635 silly resolveWithNewModule arr-union@3.1.0 checking installable status
636 silly pacote range manifest for has-value@^0.3.1 fetched in 2ms
637 silly resolveWithNewModule has-value@0.3.1 checking installable status
638 silly pacote range manifest for has-values@^0.1.4 fetched in 2ms
639 silly resolveWithNewModule has-values@0.1.4 checking installable status
640 silly pacote range manifest for isobject@^2.0.0 fetched in 3ms
641 silly resolveWithNewModule isobject@2.1.0 checking installable status
642 silly pacote version manifest for isarray@1.0.0 fetched in 2ms
643 silly resolveWithNewModule isarray@1.0.0 checking installable status
644 silly pacote range manifest for define-property@^0.2.5 fetched in 3ms
645 silly resolveWithNewModule define-property@0.2.5 checking installable status
646 http fetch GET 304 https://registry.npmjs.org/static-extend 32ms (from cache)
647 silly pacote range manifest for static-extend@^0.1.1 fetched in 34ms
648 silly resolveWithNewModule static-extend@0.1.2 checking installable status
649 http fetch GET 304 https://registry.npmjs.org/is-descriptor 23ms (from cache)
650 silly pacote range manifest for is-descriptor@^0.1.0 fetched in 27ms
651 silly resolveWithNewModule is-descriptor@0.1.6 checking installable status
652 silly pacote range manifest for kind-of@^5.0.0 fetched in 4ms
653 silly resolveWithNewModule kind-of@5.1.0 checking installable status
654 http fetch GET 304 https://registry.npmjs.org/is-data-descriptor 37ms (from cache)
655 http fetch GET 304 https://registry.npmjs.org/is-accessor-descriptor 39ms (from cache)
656 silly pacote range manifest for is-data-descriptor@^0.1.4 fetched in 40ms
657 silly resolveWithNewModule is-data-descriptor@0.1.4 checking installable status
658 silly pacote range manifest for is-accessor-descriptor@^0.1.6 fetched in 41ms
659 silly resolveWithNewModule is-accessor-descriptor@0.1.6 checking installable status
660 silly pacote range manifest for kind-of@^3.0.2 fetched in 2ms
661 silly resolveWithNewModule kind-of@3.2.2 checking installable status
662 silly pacote range manifest for is-buffer@^1.1.5 fetched in 1ms
663 silly resolveWithNewModule is-buffer@1.1.6 checking installable status
664 silly pacote range manifest for kind-of@^3.0.2 fetched in 3ms
665 silly resolveWithNewModule kind-of@3.2.2 checking installable status
666 silly pacote range manifest for is-buffer@^1.1.5 fetched in 2ms
667 silly resolveWithNewModule is-buffer@1.1.6 checking installable status
668 silly pacote range manifest for define-property@^0.2.5 fetched in 2ms
669 silly resolveWithNewModule define-property@0.2.5 checking installable status
670 http fetch GET 304 https://registry.npmjs.org/object-copy 21ms (from cache)
671 silly pacote range manifest for object-copy@^0.1.0 fetched in 23ms
672 silly resolveWithNewModule object-copy@0.1.0 checking installable status
673 silly pacote range manifest for define-property@^0.2.5 fetched in 1ms
674 silly resolveWithNewModule define-property@0.2.5 checking installable status
675 silly pacote range manifest for kind-of@^3.0.3 fetched in 2ms
676 silly resolveWithNewModule kind-of@3.2.2 checking installable status
677 http fetch GET 304 https://registry.npmjs.org/copy-descriptor 32ms (from cache)
678 silly pacote range manifest for copy-descriptor@^0.1.0 fetched in 38ms
679 silly resolveWithNewModule copy-descriptor@0.1.1 checking installable status
680 silly pacote range manifest for is-buffer@^1.1.5 fetched in 2ms
681 silly resolveWithNewModule is-buffer@1.1.6 checking installable status
682 silly pacote range manifest for is-descriptor@^1.0.0 fetched in 2ms
683 silly resolveWithNewModule is-descriptor@1.0.2 checking installable status
684 silly pacote range manifest for is-data-descriptor@^1.0.0 fetched in 2ms
685 silly resolveWithNewModule is-data-descriptor@1.0.0 checking installable status
686 silly pacote range manifest for is-accessor-descriptor@^1.0.0 fetched in 2ms
687 silly resolveWithNewModule is-accessor-descriptor@1.0.0 checking installable status
688 silly pacote range manifest for is-extendable@^1.0.1 fetched in 1ms
689 silly resolveWithNewModule is-extendable@1.0.1 checking installable status
690 http fetch GET 304 https://registry.npmjs.org/for-in 24ms (from cache)
691 silly pacote range manifest for for-in@^1.0.2 fetched in 26ms
692 silly resolveWithNewModule for-in@1.0.2 checking installable status
693 silly pacote version manifest for ms@2.0.0 fetched in 2ms
694 silly resolveWithNewModule ms@2.0.0 checking installable status
695 http fetch GET 304 https://registry.npmjs.org/urix 41ms (from cache)
696 http fetch GET 304 https://registry.npmjs.org/resolve-url 47ms (from cache)
697 silly pacote range manifest for urix@^0.1.0 fetched in 48ms
698 silly resolveWithNewModule urix@0.1.0 checking installable status
699 http fetch GET 304 https://registry.npmjs.org/atob 54ms (from cache)
700 http fetch GET 304 https://registry.npmjs.org/source-map-url 50ms (from cache)
701 silly pacote range manifest for resolve-url@^0.2.1 fetched in 62ms
702 silly resolveWithNewModule resolve-url@0.2.1 checking installable status
703 http fetch GET 304 https://registry.npmjs.org/decode-uri-component 110ms (from cache)
704 silly pacote range manifest for atob@^2.1.1 fetched in 124ms
705 silly resolveWithNewModule atob@2.1.2 checking installable status
706 silly pacote range manifest for source-map-url@^0.4.0 fetched in 120ms
707 silly resolveWithNewModule source-map-url@0.4.0 checking installable status
708 silly pacote range manifest for decode-uri-component@^0.2.0 fetched in 124ms
709 silly resolveWithNewModule decode-uri-component@0.2.0 checking installable status
710 silly pacote range manifest for define-property@^1.0.0 fetched in 1ms
711 silly resolveWithNewModule define-property@1.0.0 checking installable status
712 http fetch GET 304 https://registry.npmjs.org/snapdragon-util 24ms (from cache)
713 silly pacote range manifest for snapdragon-util@^3.0.1 fetched in 25ms
714 silly resolveWithNewModule snapdragon-util@3.0.1 checking installable status
715 silly pacote range manifest for is-descriptor@^1.0.0 fetched in 1ms
716 silly resolveWithNewModule is-descriptor@1.0.2 checking installable status
717 silly pacote range manifest for is-data-descriptor@^1.0.0 fetched in 3ms
718 silly resolveWithNewModule is-data-descriptor@1.0.0 checking installable status
719 silly pacote range manifest for is-accessor-descriptor@^1.0.0 fetched in 3ms
720 silly resolveWithNewModule is-accessor-descriptor@1.0.0 checking installable status
721 silly pacote range manifest for kind-of@^3.2.0 fetched in 1ms
722 silly resolveWithNewModule kind-of@3.2.2 checking installable status
723 silly pacote range manifest for is-buffer@^1.1.5 fetched in 1ms
724 silly resolveWithNewModule is-buffer@1.1.6 checking installable status
725 http fetch GET 304 https://registry.npmjs.org/safe-regex 32ms (from cache)
726 silly pacote range manifest for safe-regex@^1.1.0 fetched in 33ms
727 silly resolveWithNewModule safe-regex@1.1.0 checking installable status
728 silly pacote range manifest for is-descriptor@^1.0.2 fetched in 2ms
729 silly resolveWithNewModule is-descriptor@1.0.2 checking installable status
730 silly pacote range manifest for is-accessor-descriptor@^1.0.0 fetched in 2ms
731 silly resolveWithNewModule is-accessor-descriptor@1.0.0 checking installable status
732 silly pacote range manifest for is-data-descriptor@^1.0.0 fetched in 3ms
733 silly resolveWithNewModule is-data-descriptor@1.0.0 checking installable status
734 http fetch GET 304 https://registry.npmjs.org/ret 28ms (from cache)
735 silly pacote range manifest for ret@~0.1.10 fetched in 30ms
736 silly resolveWithNewModule ret@0.1.15 checking installable status
737 silly pacote range manifest for define-property@^1.0.0 fetched in 2ms
738 silly resolveWithNewModule define-property@1.0.0 checking installable status
739 silly pacote range manifest for extend-shallow@^2.0.1 fetched in 2ms
740 silly resolveWithNewModule extend-shallow@2.0.1 checking installable status
741 http fetch GET 304 https://registry.npmjs.org/expand-brackets 25ms (from cache)
742 silly pacote range manifest for expand-brackets@^2.1.4 fetched in 27ms
743 silly resolveWithNewModule expand-brackets@2.1.4 checking installable status
744 silly pacote range manifest for is-descriptor@^1.0.0 fetched in 1ms
745 silly resolveWithNewModule is-descriptor@1.0.2 checking installable status
746 silly pacote range manifest for is-accessor-descriptor@^1.0.0 fetched in 1ms
747 silly resolveWithNewModule is-accessor-descriptor@1.0.0 checking installable status
748 silly pacote range manifest for is-data-descriptor@^1.0.0 fetched in 2ms
749 silly resolveWithNewModule is-data-descriptor@1.0.0 checking installable status
750 silly pacote range manifest for debug@^2.3.3 fetched in 3ms
751 silly resolveWithNewModule debug@2.6.9 checking installable status
752 silly pacote range manifest for define-property@^0.2.5 fetched in 4ms
753 silly resolveWithNewModule define-property@0.2.5 checking installable status
754 silly pacote range manifest for extend-shallow@^2.0.1 fetched in 4ms
755 silly resolveWithNewModule extend-shallow@2.0.1 checking installable status
756 http fetch GET 304 https://registry.npmjs.org/posix-character-classes 86ms (from cache)
757 silly pacote range manifest for posix-character-classes@^0.1.0 fetched in 88ms
758 silly resolveWithNewModule posix-character-classes@0.1.1 checking installable status
759 silly pacote version manifest for ms@2.0.0 fetched in 1ms
760 silly resolveWithNewModule ms@2.0.0 checking installable status
761 http fetch GET 304 https://registry.npmjs.org/is-windows 22ms (from cache)
762 silly pacote range manifest for is-windows@^1.0.2 fetched in 24ms
763 silly resolveWithNewModule is-windows@1.0.2 checking installable status
764 http fetch GET 304 https://registry.npmjs.org/remove-trailing-separator 24ms (from cache)
765 silly pacote range manifest for remove-trailing-separator@^1.0.1 fetched in 28ms
766 silly resolveWithNewModule remove-trailing-separator@1.1.0 checking installable status
767 http fetch GET 304 https://registry.npmjs.org/nan 29ms (from cache)
768 silly pacote range manifest for nan@^2.12.1 fetched in 32ms
769 silly resolveWithNewModule nan@2.14.0 checking installable status
770 silly pacote range manifest for is-glob@^3.1.0 fetched in 2ms
771 silly resolveWithNewModule is-glob@3.1.0 checking installable status
772 http fetch GET 304 https://registry.npmjs.org/path-dirname 34ms (from cache)
773 silly pacote range manifest for path-dirname@^1.0.0 fetched in 35ms
774 silly resolveWithNewModule path-dirname@1.0.2 checking installable status
775 http fetch GET 304 https://registry.npmjs.org/is-extglob 22ms (from cache)
776 silly pacote range manifest for is-extglob@^2.1.0 fetched in 23ms
777 silly resolveWithNewModule is-extglob@2.1.1 checking installable status
778 http fetch GET 304 https://registry.npmjs.org/binary-extensions 30ms (from cache)
779 silly pacote range manifest for binary-extensions@^1.0.0 fetched in 32ms
780 silly resolveWithNewModule binary-extensions@1.13.1 checking installable status
781 silly pacote range manifest for readable-stream@^2.0.2 fetched in 6ms
782 silly resolveWithNewModule readable-stream@2.3.6 checking installable status
783 http fetch GET 200 https://registry.npmjs.org/graceful-fs 25ms
784 silly pacote range manifest for graceful-fs@^4.1.11 fetched in 28ms
785 silly resolveWithNewModule graceful-fs@4.2.2 checking installable status
786 silly pacote range manifest for safe-buffer@~5.1.1 fetched in 2ms
787 silly resolveWithNewModule safe-buffer@5.1.2 checking installable status
788 silly pacote range manifest for isarray@~1.0.0 fetched in 3ms
789 silly resolveWithNewModule isarray@1.0.0 checking installable status
790 silly pacote range manifest for string_decoder@~1.1.1 fetched in 11ms
791 silly resolveWithNewModule string_decoder@1.1.1 checking installable status
792 http fetch GET 304 https://registry.npmjs.org/process-nextick-args 27ms (from cache)
793 silly pacote range manifest for process-nextick-args@~2.0.0 fetched in 29ms
794 silly resolveWithNewModule process-nextick-args@2.0.1 checking installable status
795 silly pacote range manifest for chalk@^1.1.3 fetched in 8ms
796 silly resolveWithNewModule chalk@1.1.3 checking installable status
797 silly pacote range manifest for ansi-styles@^2.2.1 fetched in 3ms
798 silly resolveWithNewModule ansi-styles@2.2.1 checking installable status
799 silly pacote range manifest for supports-color@^2.0.0 fetched in 5ms
800 silly resolveWithNewModule supports-color@2.0.0 checking installable status
801 http fetch GET 200 https://registry.npmjs.org/has-ansi 18ms
802 silly pacote range manifest for has-ansi@^2.0.0 fetched in 21ms
803 silly resolveWithNewModule has-ansi@2.0.0 checking installable status
804 http fetch GET 304 https://registry.npmjs.org/strip-ansi 33ms (from cache)
805 silly pacote range manifest for strip-ansi@^3.0.0 fetched in 35ms
806 silly resolveWithNewModule strip-ansi@3.0.1 checking installable status
807 http fetch GET 200 https://registry.npmjs.org/ansi-regex 29ms
808 silly pacote range manifest for ansi-regex@^2.0.0 fetched in 31ms
809 silly resolveWithNewModule ansi-regex@2.1.1 checking installable status
810 http fetch GET 304 https://registry.npmjs.org/moment-timezone 28ms (from cache)
811 silly pacote range manifest for moment-timezone@^0.5.x fetched in 30ms
812 silly resolveWithNewModule moment-timezone@0.5.26 checking installable status
813 http fetch GET 200 https://registry.npmjs.org/minimist 44ms
814 silly pacote version manifest for minimist@0.0.8 fetched in 46ms
815 silly resolveWithNewModule minimist@0.0.8 checking installable status
816 http fetch GET 304 https://registry.npmjs.org/sax 28ms (from cache)
817 silly pacote range manifest for sax@^1.2.4 fetched in 30ms
818 silly resolveWithNewModule sax@1.2.4 checking installable status
819 http fetch GET 200 https://registry.npmjs.org/tv4 67ms
820 silly pacote range manifest for tv4@^1.3 fetched in 72ms
821 silly resolveWithNewModule tv4@1.3.0 checking installable status
822 http fetch GET 200 https://registry.npmjs.org/charm 24ms
823 silly pacote range manifest for charm@~0.1.1 fetched in 27ms
824 silly resolveWithNewModule charm@0.1.2 checking installable status
825 http fetch GET 200 https://registry.npmjs.org/read 17ms
826 silly pacote range manifest for read@^1.0.4 fetched in 19ms
827 silly resolveWithNewModule read@1.0.7 checking installable status
828 http fetch GET 200 https://registry.npmjs.org/mute-stream 53ms
829 silly pacote range manifest for mute-stream@~0.0.4 fetched in 57ms
830 silly resolveWithNewModule mute-stream@0.0.8 checking installable status
831 http fetch GET 200 https://registry.npmjs.org/rechoir 21ms
832 http fetch GET 200 https://registry.npmjs.org/interpret 36ms
833 http fetch GET 200 https://registry.npmjs.org/rechoir/-/rechoir-0.6.2.tgz 20ms
834 http fetch GET 304 https://registry.npmjs.org/glob 44ms (from cache)
835 silly pacote range manifest for interpret@^1.0.0 fetched in 46ms
836 silly resolveWithNewModule interpret@1.2.0 checking installable status
837 silly pacote range manifest for glob@^7.0.0 fetched in 48ms
838 silly resolveWithNewModule glob@7.1.4 checking installable status
839 silly pacote range manifest for rechoir@^0.6.2 fetched in 49ms
840 silly resolveWithNewModule rechoir@0.6.2 checking installable status
841 http fetch GET 200 https://registry.npmjs.org/inflight 39ms
842 silly pacote range manifest for inflight@^1.0.4 fetched in 42ms
843 silly resolveWithNewModule inflight@1.0.6 checking installable status
844 http fetch GET 304 https://registry.npmjs.org/fs.realpath 43ms (from cache)
845 http fetch GET 304 https://registry.npmjs.org/once 43ms (from cache)
846 silly pacote range manifest for fs.realpath@^1.0.0 fetched in 44ms
847 silly resolveWithNewModule fs.realpath@1.0.0 checking installable status
848 http fetch GET 304 https://registry.npmjs.org/minimatch 45ms (from cache)
849 silly pacote range manifest for once@^1.3.0 fetched in 46ms
850 silly resolveWithNewModule once@1.4.0 checking installable status
851 silly pacote range manifest for minimatch@^3.0.4 fetched in 60ms
852 silly resolveWithNewModule minimatch@3.0.4 checking installable status
853 http fetch GET 200 https://registry.npmjs.org/wrappy 18ms
854 silly pacote range manifest for wrappy@1 fetched in 20ms
855 silly resolveWithNewModule wrappy@1.0.2 checking installable status
856 http fetch GET 304 https://registry.npmjs.org/brace-expansion 28ms (from cache)
857 silly pacote range manifest for brace-expansion@^1.1.7 fetched in 32ms
858 silly resolveWithNewModule brace-expansion@1.1.11 checking installable status
859 http fetch GET 304 https://registry.npmjs.org/balanced-match 26ms (from cache)
860 silly pacote range manifest for balanced-match@^1.0.0 fetched in 33ms
861 silly resolveWithNewModule balanced-match@1.0.0 checking installable status
862 http fetch GET 304 https://registry.npmjs.org/concat-map 36ms (from cache)
863 silly pacote version manifest for concat-map@0.0.1 fetched in 38ms
864 silly resolveWithNewModule concat-map@0.0.1 checking installable status
865 http fetch GET 304 https://registry.npmjs.org/buffer-from 182ms (from cache)
866 silly pacote range manifest for buffer-from@^1.0.0 fetched in 184ms
867 silly resolveWithNewModule buffer-from@1.1.1 checking installable status
868 silly pacote version manifest for async@2.6.1 fetched in 12ms
869 silly resolveWithNewModule async@2.6.1 checking installable status
870 http fetch GET 200 https://registry.npmjs.org/lodash.foreach 27ms
871 http fetch GET 200 https://registry.npmjs.org/lodash.get 26ms
872 http fetch GET 200 https://registry.npmjs.org/lodash.last 27ms
873 silly pacote range manifest for lodash.foreach@^4.5.0 fetched in 54ms
874 silly resolveWithNewModule lodash.foreach@4.5.0 checking installable status
875 silly pacote range manifest for lodash.get@^4.4.2 fetched in 53ms
876 silly resolveWithNewModule lodash.get@4.4.2 checking installable status
877 http fetch GET 200 https://registry.npmjs.org/lodash.findindex 56ms
878 http fetch GET 200 https://registry.npmjs.org/js-git 57ms
879 silly pacote range manifest for lodash.last@^3.0.0 fetched in 55ms
880 silly resolveWithNewModule lodash.last@3.0.0 checking installable status
881 http fetch GET 304 https://registry.npmjs.org/ini 63ms (from cache)
882 silly pacote range manifest for lodash.findindex@^4.6.0 fetched in 64ms
883 silly resolveWithNewModule lodash.findindex@4.6.0 checking installable status
884 silly pacote range manifest for js-git@^0.7.8 fetched in 65ms
885 silly resolveWithNewModule js-git@0.7.8 checking installable status
886 silly pacote range manifest for ini@^1.3.4 fetched in 67ms
887 silly resolveWithNewModule ini@1.3.5 checking installable status
888 http fetch GET 200 https://registry.npmjs.org/git-node-fs 75ms
889 silly pacote range manifest for git-node-fs@^1.0.0 fetched in 78ms
890 silly resolveWithNewModule git-node-fs@1.0.0 checking installable status
891 http fetch GET 200 https://registry.npmjs.org/culvert 25ms
892 http fetch GET 200 https://registry.npmjs.org/git-sha1 23ms
893 silly pacote range manifest for culvert@^0.1.2 fetched in 31ms
894 silly resolveWithNewModule culvert@0.1.2 checking installable status
895 silly pacote range manifest for git-sha1@^0.1.2 fetched in 31ms
896 silly resolveWithNewModule git-sha1@0.1.2 checking installable status
897 http fetch GET 200 https://registry.npmjs.org/pako 30ms
898 http fetch GET 200 https://registry.npmjs.org/bodec 127ms
899 silly pacote range manifest for bodec@^0.1.0 fetched in 131ms
900 silly resolveWithNewModule bodec@0.1.0 checking installable status
901 http fetch GET 200 https://registry.npmjs.org/pako/-/pako-0.2.9.tgz 255ms
902 silly pacote range manifest for pako@^0.2.5 fetched in 292ms
903 silly resolveWithNewModule pako@0.2.9 checking installable status
904 http fetch GET 304 https://registry.npmjs.org/argparse 31ms (from cache)
905 silly pacote range manifest for argparse@^1.0.7 fetched in 39ms
906 silly resolveWithNewModule argparse@1.0.10 checking installable status
907 silly pacote range manifest for sprintf-js@~1.0.2 fetched in 2ms
908 silly resolveWithNewModule sprintf-js@1.0.3 checking installable status
909 timing stage:loadIdealTree:loadAllDepsIntoIdealTree Completed in 12181ms
910 timing stage:loadIdealTree Completed in 12426ms
911 silly currentTree lib
912 silly idealTree lib
912 silly idealTree  pm2@3.5.1
912 silly idealTree    @opencensus/core@0.0.9
912 silly idealTree    @opencensus/propagation-b3@0.0.8
912 silly idealTree     @opencensus/core@0.0.8
912 silly idealTree    @pm2/agent-node@1.1.10
912 silly idealTree     ws@6.2.1
912 silly idealTree    @pm2/agent@0.5.26
912 silly idealTree    @pm2/io@4.3.2
912 silly idealTree     debug@3.1.0
912 silly idealTree     ms@2.0.0
912 silly idealTree     semver@5.5.0
912 silly idealTree    @pm2/js-api@0.5.60
912 silly idealTree     debug@2.6.9
912 silly idealTree     eventemitter2@4.1.2
912 silly idealTree     ms@2.0.0
912 silly idealTree     safe-buffer@5.1.2
912 silly idealTree     ws@3.3.3
912 silly idealTree    agent-base@4.3.0
912 silly idealTree    amp-message@0.1.2
912 silly idealTree    amp@0.3.1
912 silly idealTree    ansi-regex@2.1.1
912 silly idealTree    ansi-styles@3.2.1
912 silly idealTree    anymatch@2.0.0
912 silly idealTree     normalize-path@2.1.1
912 silly idealTree    argparse@1.0.10
912 silly idealTree     sprintf-js@1.0.3
912 silly idealTree    arr-diff@4.0.0
912 silly idealTree    arr-flatten@1.1.0
912 silly idealTree    arr-union@3.1.0
912 silly idealTree    array-unique@0.3.2
912 silly idealTree    assign-symbols@1.0.0
912 silly idealTree    ast-types@0.13.2
912 silly idealTree    async-each@1.0.3
912 silly idealTree    async-limiter@1.0.1
912 silly idealTree    async-listener@0.6.10
912 silly idealTree    async@2.6.3
912 silly idealTree    atob@2.1.2
912 silly idealTree    axios@0.19.0
912 silly idealTree    balanced-match@1.0.0
912 silly idealTree    base@0.11.2
912 silly idealTree     define-property@1.0.0
912 silly idealTree     is-accessor-descriptor@1.0.0
912 silly idealTree     is-data-descriptor@1.0.0
912 silly idealTree     is-descriptor@1.0.2
912 silly idealTree    binary-extensions@1.13.1
912 silly idealTree    blessed@0.1.81
912 silly idealTree    bodec@0.1.0
912 silly idealTree    brace-expansion@1.1.11
912 silly idealTree    braces@2.3.2
912 silly idealTree     extend-shallow@2.0.1
912 silly idealTree    buffer-from@1.1.1
912 silly idealTree    bytes@3.1.0
912 silly idealTree    cache-base@1.0.1
912 silly idealTree    chalk@2.4.2
912 silly idealTree    charm@0.1.2
912 silly idealTree    chokidar@2.1.8
912 silly idealTree    class-utils@0.3.6
912 silly idealTree     define-property@0.2.5
912 silly idealTree    cli-table-redemption@1.0.1
912 silly idealTree     ansi-styles@2.2.1
912 silly idealTree     chalk@1.1.3
912 silly idealTree     supports-color@2.0.0
912 silly idealTree    co@4.6.0
912 silly idealTree    collection-visit@1.0.0
912 silly idealTree    color-convert@1.9.3
912 silly idealTree    color-name@1.1.3
912 silly idealTree    commander@2.15.1
912 silly idealTree    component-emitter@1.3.0
912 silly idealTree    concat-map@0.0.1
912 silly idealTree    continuation-local-storage@3.2.1
912 silly idealTree    copy-descriptor@0.1.1
912 silly idealTree    core-util-is@1.0.2
912 silly idealTree    cron@1.7.2
912 silly idealTree    culvert@0.1.2
912 silly idealTree    data-uri-to-buffer@2.0.2
912 silly idealTree    date-fns@1.30.1
912 silly idealTree    debug@3.2.6
912 silly idealTree    decode-uri-component@0.2.0
912 silly idealTree    deep-is@0.1.3
912 silly idealTree    define-property@2.0.2
912 silly idealTree     is-accessor-descriptor@1.0.0
912 silly idealTree     is-data-descriptor@1.0.0
912 silly idealTree     is-descriptor@1.0.2
912 silly idealTree    degenerator@1.0.4
912 silly idealTree    depd@1.1.2
912 silly idealTree    emitter-listener@1.1.2
912 silly idealTree    es6-promise@4.2.8
912 silly idealTree    es6-promisify@5.0.0
912 silly idealTree    escape-regexp@0.0.1
912 silly idealTree    escape-string-regexp@1.0.5
912 silly idealTree    escodegen@1.12.0
912 silly idealTree    esprima@3.1.3
912 silly idealTree    estraverse@4.3.0
912 silly idealTree    esutils@2.0.3
912 silly idealTree    event-loop-inspector@1.2.2
912 silly idealTree    eventemitter2@5.0.1
912 silly idealTree    expand-brackets@2.1.4
912 silly idealTree     debug@2.6.9
912 silly idealTree     define-property@0.2.5
912 silly idealTree     extend-shallow@2.0.1
912 silly idealTree     ms@2.0.0
912 silly idealTree    extend-shallow@3.0.2
912 silly idealTree     is-extendable@1.0.1
912 silly idealTree    extend@3.0.2
912 silly idealTree    extglob@2.0.4
912 silly idealTree     define-property@1.0.0
912 silly idealTree     extend-shallow@2.0.1
912 silly idealTree     is-accessor-descriptor@1.0.0
912 silly idealTree     is-data-descriptor@1.0.0
912 silly idealTree     is-descriptor@1.0.2
912 silly idealTree    fast-levenshtein@2.0.6
912 silly idealTree    fclone@1.0.11
912 silly idealTree    file-uri-to-path@1.0.0
912 silly idealTree    fill-range@4.0.0
912 silly idealTree     extend-shallow@2.0.1
912 silly idealTree    follow-redirects@1.5.10
912 silly idealTree     debug@3.1.0
912 silly idealTree     ms@2.0.0
912 silly idealTree    for-in@1.0.2
912 silly idealTree    fragment-cache@0.2.1
912 silly idealTree    fs.realpath@1.0.0
912 silly idealTree    fsevents@1.2.9
912 silly idealTree     abbrev@1.1.1
912 silly idealTree     ansi-regex@2.1.1
912 silly idealTree     aproba@1.2.0
912 silly idealTree     are-we-there-yet@1.1.5
912 silly idealTree     balanced-match@1.0.0
912 silly idealTree     brace-expansion@1.1.11
912 silly idealTree     chownr@1.1.1
912 silly idealTree     code-point-at@1.1.0
912 silly idealTree     concat-map@0.0.1
912 silly idealTree     console-control-strings@1.1.0
912 silly idealTree     core-util-is@1.0.2
912 silly idealTree     debug@4.1.1
912 silly idealTree     deep-extend@0.6.0
912 silly idealTree     delegates@1.0.0
912 silly idealTree     detect-libc@1.0.3
912 silly idealTree     fs-minipass@1.2.5
912 silly idealTree     fs.realpath@1.0.0
912 silly idealTree     gauge@2.7.4
912 silly idealTree     glob@7.1.3
912 silly idealTree     has-unicode@2.0.1
912 silly idealTree     iconv-lite@0.4.24
912 silly idealTree     ignore-walk@3.0.1
912 silly idealTree     inflight@1.0.6
912 silly idealTree     inherits@2.0.3
912 silly idealTree     ini@1.3.5
912 silly idealTree     is-fullwidth-code-point@1.0.0
912 silly idealTree     isarray@1.0.0
912 silly idealTree     minimatch@3.0.4
912 silly idealTree     minimist@0.0.8
912 silly idealTree     minipass@2.3.5
912 silly idealTree     minizlib@1.2.1
912 silly idealTree     mkdirp@0.5.1
912 silly idealTree     ms@2.1.1
912 silly idealTree     needle@2.3.0
912 silly idealTree     node-pre-gyp@0.12.0
912 silly idealTree     nopt@4.0.1
912 silly idealTree     npm-bundled@1.0.6
912 silly idealTree     npm-packlist@1.4.1
912 silly idealTree     npmlog@4.1.2
912 silly idealTree     number-is-nan@1.0.1
912 silly idealTree     object-assign@4.1.1
912 silly idealTree     once@1.4.0
912 silly idealTree     os-homedir@1.0.2
912 silly idealTree     os-tmpdir@1.0.2
912 silly idealTree     osenv@0.1.5
912 silly idealTree     path-is-absolute@1.0.1
912 silly idealTree     process-nextick-args@2.0.0
912 silly idealTree     rc@1.2.8
912 silly idealTree      minimist@1.2.0
912 silly idealTree     readable-stream@2.3.6
912 silly idealTree     rimraf@2.6.3
912 silly idealTree     safe-buffer@5.1.2
912 silly idealTree     safer-buffer@2.1.2
912 silly idealTree     sax@1.2.4
912 silly idealTree     semver@5.7.0
912 silly idealTree     set-blocking@2.0.0
912 silly idealTree     signal-exit@3.0.2
912 silly idealTree     string_decoder@1.1.1
912 silly idealTree     string-width@1.0.2
912 silly idealTree     strip-ansi@3.0.1
912 silly idealTree     strip-json-comments@2.0.1
912 silly idealTree     tar@4.4.8
912 silly idealTree     util-deprecate@1.0.2
912 silly idealTree     wide-align@1.1.3
912 silly idealTree     wrappy@1.0.2
912 silly idealTree     yallist@3.0.3
912 silly idealTree    ftp@0.3.10
912 silly idealTree     readable-stream@1.1.14
912 silly idealTree    get-uri@2.0.3
912 silly idealTree     debug@4.1.1
912 silly idealTree    get-value@2.0.6
912 silly idealTree    git-node-fs@1.0.0
912 silly idealTree    git-sha1@0.1.2
912 silly idealTree    glob-parent@3.1.0
912 silly idealTree     is-glob@3.1.0
912 silly idealTree    glob@7.1.4
912 silly idealTree    graceful-fs@4.2.2
912 silly idealTree    has-ansi@2.0.0
912 silly idealTree    has-flag@3.0.0
912 silly idealTree    has-value@1.0.0
912 silly idealTree    has-values@1.0.0
912 silly idealTree     is-buffer@1.1.6
912 silly idealTree     kind-of@4.0.0
912 silly idealTree    http-errors@1.7.3
912 silly idealTree    http-proxy-agent@2.1.0
912 silly idealTree     debug@3.1.0
912 silly idealTree     ms@2.0.0
912 silly idealTree    https-proxy-agent@2.2.2
912 silly idealTree    iconv-lite@0.4.24
912 silly idealTree    inflight@1.0.6
912 silly idealTree    inherits@2.0.4
912 silly idealTree    ini@1.3.5
912 silly idealTree    interpret@1.2.0
912 silly idealTree    ip@1.1.5
912 silly idealTree    is-accessor-descriptor@0.1.6
912 silly idealTree     is-buffer@1.1.6
912 silly idealTree     kind-of@3.2.2
912 silly idealTree    is-binary-path@1.0.1
912 silly idealTree    is-buffer@2.0.4
912 silly idealTree    is-data-descriptor@0.1.4
912 silly idealTree     is-buffer@1.1.6
912 silly idealTree     kind-of@3.2.2
912 silly idealTree    is-descriptor@0.1.6
912 silly idealTree     kind-of@5.1.0
912 silly idealTree    is-extendable@0.1.1
912 silly idealTree    is-extglob@2.1.1
912 silly idealTree    is-glob@4.0.1
912 silly idealTree    is-number@3.0.0
912 silly idealTree     is-buffer@1.1.6
912 silly idealTree     kind-of@3.2.2
912 silly idealTree    is-plain-object@2.0.4
912 silly idealTree    is-windows@1.0.2
912 silly idealTree    isarray@0.0.1
912 silly idealTree    isobject@3.0.1
912 silly idealTree    js-git@0.7.8
912 silly idealTree    kind-of@6.0.2
912 silly idealTree    lazy@1.0.11
912 silly idealTree    levn@0.3.0
912 silly idealTree    lodash.findindex@4.6.0
912 silly idealTree    lodash.foreach@4.5.0
912 silly idealTree    lodash.get@4.4.2
912 silly idealTree    lodash.last@3.0.0
912 silly idealTree    lodash@4.17.15
912 silly idealTree    log-driver@1.2.7
912 silly idealTree    lru-cache@4.1.5
912 silly idealTree    map-cache@0.2.2
912 silly idealTree    map-visit@1.0.0
912 silly idealTree    micromatch@3.1.10
912 silly idealTree    minimatch@3.0.4
912 silly idealTree    minimist@0.0.8
912 silly idealTree    mixin-deep@1.3.2
912 silly idealTree     is-extendable@1.0.1
912 silly idealTree    mkdirp@0.5.1
912 silly idealTree    module-details-from-path@1.0.3
912 silly idealTree    moment-timezone@0.5.26
912 silly idealTree    moment@2.24.0
912 silly idealTree    ms@2.1.2
912 silly idealTree    mute-stream@0.0.8
912 silly idealTree    nan@2.14.0
912 silly idealTree    nanomatch@1.2.13
912 silly idealTree    needle@2.4.0
912 silly idealTree    netmask@1.0.6
912 silly idealTree    normalize-path@3.0.0
912 silly idealTree    nssocket@0.6.0
912 silly idealTree     eventemitter2@0.4.14
912 silly idealTree    object-copy@0.1.0
912 silly idealTree     define-property@0.2.5
912 silly idealTree     is-buffer@1.1.6
912 silly idealTree     kind-of@3.2.2
912 silly idealTree    object-visit@1.0.1
912 silly idealTree    object.pick@1.3.0
912 silly idealTree    once@1.4.0
912 silly idealTree    optionator@0.8.2
912 silly idealTree    pac-proxy-agent@3.0.0
912 silly idealTree    pac-resolver@3.0.0
912 silly idealTree    pako@0.2.9
912 silly idealTree    pascalcase@0.1.1
912 silly idealTree    path-dirname@1.0.2
912 silly idealTree    path-is-absolute@1.0.1
912 silly idealTree    path-parse@1.0.6
912 silly idealTree    pidusage@2.0.17
912 silly idealTree    pm2-axon-rpc@0.5.1
912 silly idealTree    pm2-axon@3.3.0
912 silly idealTree    pm2-deploy@0.4.0
912 silly idealTree    pm2-multimeter@0.1.2
912 silly idealTree    posix-character-classes@0.1.1
912 silly idealTree    prelude-ls@1.1.2
912 silly idealTree    process-nextick-args@2.0.1
912 silly idealTree    promptly@2.2.0
912 silly idealTree    proxy-agent@3.1.0
912 silly idealTree    proxy-from-env@1.0.0
912 silly idealTree    pseudomap@1.0.2
912 silly idealTree    raw-body@2.4.1
912 silly idealTree    read@1.0.7
912 silly idealTree    readable-stream@3.4.0
912 silly idealTree     string_decoder@1.3.0
912 silly idealTree    readdirp@2.2.1
912 silly idealTree     isarray@1.0.0
912 silly idealTree     readable-stream@2.3.6
912 silly idealTree     safe-buffer@5.1.2
912 silly idealTree     string_decoder@1.1.1
912 silly idealTree    rechoir@0.6.2
912 silly idealTree    regex-not@1.0.2
912 silly idealTree    remove-trailing-separator@1.1.0
912 silly idealTree    repeat-element@1.1.3
912 silly idealTree    repeat-string@1.6.1
912 silly idealTree    require-in-the-middle@4.0.1
912 silly idealTree     debug@4.1.1
912 silly idealTree    resolve-url@0.2.1
912 silly idealTree    resolve@1.12.0
912 silly idealTree    ret@0.1.15
912 silly idealTree    safe-buffer@5.2.0
912 silly idealTree    safe-regex@1.1.0
912 silly idealTree    safer-buffer@2.1.2
912 silly idealTree    sax@1.2.4
912 silly idealTree    semver@5.7.1
912 silly idealTree    set-value@2.0.1
912 silly idealTree     extend-shallow@2.0.1
912 silly idealTree    setprototypeof@1.1.1
912 silly idealTree    shelljs@0.8.3
912 silly idealTree    shimmer@1.2.1
912 silly idealTree    signal-exit@3.0.2
912 silly idealTree    smart-buffer@4.0.2
912 silly idealTree    snapdragon-node@2.1.1
912 silly idealTree     define-property@1.0.0
912 silly idealTree     is-accessor-descriptor@1.0.0
912 silly idealTree     is-data-descriptor@1.0.0
912 silly idealTree     is-descriptor@1.0.2
912 silly idealTree    snapdragon-util@3.0.1
912 silly idealTree     is-buffer@1.1.6
912 silly idealTree     kind-of@3.2.2
912 silly idealTree    snapdragon@0.8.2
912 silly idealTree     debug@2.6.9
912 silly idealTree     define-property@0.2.5
912 silly idealTree     extend-shallow@2.0.1
912 silly idealTree     ms@2.0.0
912 silly idealTree     source-map@0.5.7
912 silly idealTree    socks-proxy-agent@4.0.2
912 silly idealTree     agent-base@4.2.1
912 silly idealTree    socks@2.3.2
912 silly idealTree    source-map-resolve@0.5.2
912 silly idealTree    source-map-support@0.5.13
912 silly idealTree    source-map-url@0.4.0
912 silly idealTree    source-map@0.6.1
912 silly idealTree    split-string@3.1.0
912 silly idealTree    sprintf-js@1.1.1
912 silly idealTree    static-extend@0.1.2
912 silly idealTree     define-property@0.2.5
912 silly idealTree    statuses@1.5.0
912 silly idealTree    string_decoder@0.10.31
912 silly idealTree    strip-ansi@3.0.1
912 silly idealTree    supports-color@5.5.0
912 silly idealTree    thunkify@2.1.2
912 silly idealTree    to-object-path@0.3.0
912 silly idealTree     is-buffer@1.1.6
912 silly idealTree     kind-of@3.2.2
912 silly idealTree    to-regex-range@2.1.1
912 silly idealTree    to-regex@3.0.2
912 silly idealTree    toidentifier@1.0.0
912 silly idealTree    tslib@1.9.3
912 silly idealTree    tv4@1.3.0
912 silly idealTree    type-check@0.3.2
912 silly idealTree    ultron@1.1.1
912 silly idealTree    union-value@1.0.1
912 silly idealTree    unpipe@1.0.0
912 silly idealTree    unset-value@1.0.0
912 silly idealTree     has-value@0.3.1
912 silly idealTree      isobject@2.1.0
912 silly idealTree     has-values@0.1.4
912 silly idealTree     isarray@1.0.0
912 silly idealTree    upath@1.2.0
912 silly idealTree    urix@0.1.0
912 silly idealTree    use@3.1.1
912 silly idealTree    util-deprecate@1.0.2
912 silly idealTree    uuid@3.3.3
912 silly idealTree    v8-compile-cache@2.1.0
912 silly idealTree    vizion@2.0.2
912 silly idealTree     async@2.6.1
912 silly idealTree    wordwrap@1.0.0
912 silly idealTree    wrappy@1.0.2
912 silly idealTree    ws@5.2.2
912 silly idealTree    xregexp@2.0.0
912 silly idealTree    yallist@2.1.2
912 silly idealTree    yamljs@0.3.0
913 silly install generateActionsToTake
914 warn checkPermissions Missing write access to /usr/lib/node_modules
915 timing stage:rollbackFailedOptional Completed in 1ms
916 timing stage:runTopLevelLifecycles Completed in 12872ms
917 verbose stack Error: EACCES: permission denied, access '/usr/lib/node_modules'
918 verbose cwd /home/joeln/scrapping
919 verbose Linux 3.10.0-957.21.3.el7.x86_64
920 verbose argv "/usr/bin/node" "/usr/bin/npm" "i" "pm2" "-g"
921 verbose node v8.16.0
922 verbose npm  v6.4.1
923 error path /usr/lib/node_modules
924 error code EACCES
925 error errno -13
926 error syscall access
927 error Error: EACCES: permission denied, access '/usr/lib/node_modules'
927 error  { Error: EACCES: permission denied, access '/usr/lib/node_modules'
927 error   stack: 'Error: EACCES: permission denied, access \'/usr/lib/node_modules\'',
927 error   errno: -13,
927 error   code: 'EACCES',
927 error   syscall: 'access',
927 error   path: '/usr/lib/node_modules' }
928 error The operation was rejected by your operating system.
928 error It is likely you do not have the permissions to access this file as the current user
928 error
928 error If you believe this might be a permissions issue, please double-check the
928 error permissions of the file and its containing directories, or try running
928 error the command again as root/Administrator (though this is not recommended).
929 verbose exit [ -13, true ]
