0 info it worked if it ends with ok
1 verbose cli [ '/usr/bin/node', '/usr/bin/npm', 'i', '-s', 'node-schedule' ]
2 info using npm@6.4.1
3 info using node@v8.16.0
4 verbose npm-session 49b7bbdee794f1e6
5 silly install loadCurrentTree
6 silly install readLocalPackageData
7 http fetch GET 304 https://registry.npmjs.org/node-schedule 215ms (from cache)
8 silly pacote range manifest for node-schedule@^1.3.2 fetched in 272ms
9 timing stage:loadCurrentTree Completed in 1060ms
10 silly install loadIdealTree
11 silly install cloneCurrentTreeToIdealTree
12 timing stage:loadIdealTree:cloneCurrentTree Completed in 1ms
13 silly install loadShrinkwrap
14 timing stage:loadIdealTree:loadShrinkwrap Completed in 1254ms
15 silly install loadAllDepsIntoIdealTree
16 silly resolveWithNewModule node-schedule@1.3.2 checking installable status
17 silly removeObsoleteDep removing node-schedule@1.3.2 from the tree as its been replaced by a newer version or is no longer required
18 silly removeObsoleteDep removing cron-parser@2.13.0 from the tree as its been replaced by a newer version or is no longer required
19 silly removeObsoleteDep removing is-nan@1.2.1 from the tree as its been replaced by a newer version or is no longer required
20 silly removeObsoleteDep removing long-timeout@0.1.1 from the tree as its been replaced by a newer version or is no longer required
21 silly removeObsoleteDep removing sorted-array-functions@1.2.0 from the tree as its been replaced by a newer version or is no longer required
22 http fetch GET 304 https://registry.npmjs.org/cron-parser 91ms (from cache)
23 silly pacote range manifest for cron-parser@^2.7.3 fetched in 95ms
24 silly resolveWithNewModule cron-parser@2.13.0 checking installable status
25 http fetch GET 304 https://registry.npmjs.org/long-timeout 106ms (from cache)
26 silly pacote version manifest for long-timeout@0.1.1 fetched in 115ms
27 silly resolveWithNewModule long-timeout@0.1.1 checking installable status
28 http fetch GET 304 https://registry.npmjs.org/sorted-array-functions 132ms (from cache)
29 silly pacote range manifest for sorted-array-functions@^1.0.0 fetched in 142ms
30 silly resolveWithNewModule sorted-array-functions@1.2.0 checking installable status
31 http fetch GET 200 https://registry.npmjs.org/is-nan 68ms
32 silly pacote range manifest for is-nan@^1.2.1 fetched in 80ms
33 silly resolveWithNewModule is-nan@1.3.0 checking installable status
34 timing stage:loadIdealTree:loadAllDepsIntoIdealTree Completed in 2666ms
35 timing stage:loadIdealTree Completed in 4755ms
36 silly currentTree cisco-sn@0.0.0
37 silly idealTree cisco-sn@0.0.0
37 silly idealTree ├── @babel/code-frame@7.5.5
37 silly idealTree ├─┬ @babel/core@7.4.5
37 silly idealTree │ ├── debug@4.1.1
37 silly idealTree │ └── ms@2.1.2
37 silly idealTree ├── @babel/generator@7.5.5
37 silly idealTree ├── @babel/helper-annotate-as-pure@7.0.0
37 silly idealTree ├── @babel/helper-builder-binary-assignment-operator-visitor@7.1.0
37 silly idealTree ├── @babel/helper-builder-react-jsx@7.3.0
37 silly idealTree ├── @babel/helper-call-delegate@7.4.4
37 silly idealTree ├── @babel/helper-create-class-features-plugin@7.5.5
37 silly idealTree ├── @babel/helper-define-map@7.5.5
37 silly idealTree ├── @babel/helper-explode-assignable-expression@7.1.0
37 silly idealTree ├── @babel/helper-function-name@7.1.0
37 silly idealTree ├── @babel/helper-get-function-arity@7.0.0
37 silly idealTree ├── @babel/helper-hoist-variables@7.4.4
37 silly idealTree ├── @babel/helper-member-expression-to-functions@7.5.5
37 silly idealTree ├── @babel/helper-module-imports@7.0.0
37 silly idealTree ├── @babel/helper-module-transforms@7.5.5
37 silly idealTree ├── @babel/helper-optimise-call-expression@7.0.0
37 silly idealTree ├── @babel/helper-plugin-utils@7.0.0
37 silly idealTree ├── @babel/helper-regex@7.5.5
37 silly idealTree ├── @babel/helper-remap-async-to-generator@7.1.0
37 silly idealTree ├── @babel/helper-replace-supers@7.5.5
37 silly idealTree ├── @babel/helper-simple-access@7.1.0
37 silly idealTree ├── @babel/helper-split-export-declaration@7.4.4
37 silly idealTree ├── @babel/helper-wrap-function@7.2.0
37 silly idealTree ├── @babel/helpers@7.5.5
37 silly idealTree ├── @babel/highlight@7.5.0
37 silly idealTree ├── @babel/parser@7.5.5
37 silly idealTree ├── @babel/plugin-proposal-async-generator-functions@7.2.0
37 silly idealTree ├── @babel/plugin-proposal-class-properties@7.4.4
37 silly idealTree ├── @babel/plugin-proposal-json-strings@7.2.0
37 silly idealTree ├── @babel/plugin-proposal-object-rest-spread@7.4.4
37 silly idealTree ├── @babel/plugin-proposal-optional-catch-binding@7.2.0
37 silly idealTree ├── @babel/plugin-proposal-unicode-property-regex@7.4.4
37 silly idealTree ├── @babel/plugin-syntax-async-generators@7.2.0
37 silly idealTree ├── @babel/plugin-syntax-dynamic-import@7.2.0
37 silly idealTree ├── @babel/plugin-syntax-flow@7.2.0
37 silly idealTree ├── @babel/plugin-syntax-json-strings@7.2.0
37 silly idealTree ├── @babel/plugin-syntax-jsx@7.2.0
37 silly idealTree ├── @babel/plugin-syntax-object-rest-spread@7.2.0
37 silly idealTree ├── @babel/plugin-syntax-optional-catch-binding@7.2.0
37 silly idealTree ├── @babel/plugin-syntax-typescript@7.3.3
37 silly idealTree ├── @babel/plugin-transform-arrow-functions@7.2.0
37 silly idealTree ├── @babel/plugin-transform-async-to-generator@7.5.0
37 silly idealTree ├── @babel/plugin-transform-block-scoped-functions@7.2.0
37 silly idealTree ├── @babel/plugin-transform-block-scoping@7.5.5
37 silly idealTree ├── @babel/plugin-transform-classes@7.5.5
37 silly idealTree ├── @babel/plugin-transform-computed-properties@7.2.0
37 silly idealTree ├── @babel/plugin-transform-destructuring@7.5.0
37 silly idealTree ├── @babel/plugin-transform-dotall-regex@7.4.4
37 silly idealTree ├── @babel/plugin-transform-duplicate-keys@7.5.0
37 silly idealTree ├── @babel/plugin-transform-exponentiation-operator@7.2.0
37 silly idealTree ├── @babel/plugin-transform-flow-strip-types@7.4.4
37 silly idealTree ├── @babel/plugin-transform-for-of@7.4.4
37 silly idealTree ├── @babel/plugin-transform-function-name@7.4.4
37 silly idealTree ├── @babel/plugin-transform-literals@7.2.0
37 silly idealTree ├── @babel/plugin-transform-member-expression-literals@7.2.0
37 silly idealTree ├── @babel/plugin-transform-modules-amd@7.5.0
37 silly idealTree ├── @babel/plugin-transform-modules-commonjs@7.4.4
37 silly idealTree ├── @babel/plugin-transform-modules-systemjs@7.5.0
37 silly idealTree ├── @babel/plugin-transform-modules-umd@7.2.0
37 silly idealTree ├── @babel/plugin-transform-named-capturing-groups-regex@7.4.5
37 silly idealTree ├── @babel/plugin-transform-new-target@7.4.4
37 silly idealTree ├── @babel/plugin-transform-object-super@7.5.5
37 silly idealTree ├── @babel/plugin-transform-parameters@7.4.4
37 silly idealTree ├── @babel/plugin-transform-property-literals@7.2.0
37 silly idealTree ├── @babel/plugin-transform-react-display-name@7.2.0
37 silly idealTree ├── @babel/plugin-transform-react-jsx-self@7.2.0
37 silly idealTree ├── @babel/plugin-transform-react-jsx-source@7.5.0
37 silly idealTree ├── @babel/plugin-transform-react-jsx@7.3.0
37 silly idealTree ├── @babel/plugin-transform-regenerator@7.4.5
37 silly idealTree ├── @babel/plugin-transform-reserved-words@7.2.0
37 silly idealTree ├── @babel/plugin-transform-runtime@7.4.4
37 silly idealTree ├── @babel/plugin-transform-shorthand-properties@7.2.0
37 silly idealTree ├── @babel/plugin-transform-spread@7.2.2
37 silly idealTree ├── @babel/plugin-transform-sticky-regex@7.2.0
37 silly idealTree ├── @babel/plugin-transform-template-literals@7.4.4
37 silly idealTree ├── @babel/plugin-transform-typeof-symbol@7.2.0
37 silly idealTree ├── @babel/plugin-transform-typescript@7.5.5
37 silly idealTree ├── @babel/plugin-transform-unicode-regex@7.4.4
37 silly idealTree ├── @babel/preset-env@7.4.5
37 silly idealTree ├── @babel/preset-react@7.0.0
37 silly idealTree ├── @babel/preset-typescript@7.3.3
37 silly idealTree ├─┬ @babel/register@7.5.5
37 silly idealTree │ ├── core-js@3.1.4
37 silly idealTree │ ├── find-cache-dir@2.1.0
37 silly idealTree │ ├── find-up@3.0.0
37 silly idealTree │ ├── locate-path@3.0.0
37 silly idealTree │ ├── make-dir@2.1.0
37 silly idealTree │ ├── p-limit@2.2.0
37 silly idealTree │ ├── p-locate@3.0.0
37 silly idealTree │ ├── p-try@2.2.0
37 silly idealTree │ ├── pify@4.0.1
37 silly idealTree │ └── pkg-dir@3.0.0
37 silly idealTree ├─┬ @babel/runtime-corejs2@7.4.5
37 silly idealTree │ └── regenerator-runtime@0.13.3
37 silly idealTree ├─┬ @babel/runtime@7.4.5
37 silly idealTree │ └── regenerator-runtime@0.13.3
37 silly idealTree ├── @babel/template@7.4.4
37 silly idealTree ├─┬ @babel/traverse@7.5.5
37 silly idealTree │ ├── debug@4.1.1
37 silly idealTree │ └── ms@2.1.2
37 silly idealTree ├─┬ @babel/types@7.5.5
37 silly idealTree │ └── to-fast-properties@2.0.0
37 silly idealTree ├── @types/babel-types@7.0.7
37 silly idealTree ├── @types/babylon@6.16.5
37 silly idealTree ├── @types/node@12.6.8
37 silly idealTree ├── @webassemblyjs/ast@1.8.5
37 silly idealTree ├── @webassemblyjs/floating-point-hex-parser@1.8.5
37 silly idealTree ├── @webassemblyjs/helper-api-error@1.8.5
37 silly idealTree ├── @webassemblyjs/helper-buffer@1.8.5
37 silly idealTree ├── @webassemblyjs/helper-code-frame@1.8.5
37 silly idealTree ├── @webassemblyjs/helper-fsm@1.8.5
37 silly idealTree ├── @webassemblyjs/helper-module-context@1.8.5
37 silly idealTree ├── @webassemblyjs/helper-wasm-bytecode@1.8.5
37 silly idealTree ├── @webassemblyjs/helper-wasm-section@1.8.5
37 silly idealTree ├── @webassemblyjs/ieee754@1.8.5
37 silly idealTree ├── @webassemblyjs/leb128@1.8.5
37 silly idealTree ├── @webassemblyjs/utf8@1.8.5
37 silly idealTree ├── @webassemblyjs/wasm-edit@1.8.5
37 silly idealTree ├── @webassemblyjs/wasm-gen@1.8.5
37 silly idealTree ├── @webassemblyjs/wasm-opt@1.8.5
37 silly idealTree ├── @webassemblyjs/wasm-parser@1.8.5
37 silly idealTree ├── @webassemblyjs/wast-parser@1.8.5
37 silly idealTree ├── @webassemblyjs/wast-printer@1.8.5
37 silly idealTree ├── @xtuc/ieee754@1.2.0
37 silly idealTree ├── @xtuc/long@4.2.2
37 silly idealTree ├── abbrev@1.1.1
37 silly idealTree ├── accepts@1.3.7
37 silly idealTree ├─┬ acorn-globals@3.1.0
37 silly idealTree │ └── acorn@4.0.13
37 silly idealTree ├── acorn@3.3.0
37 silly idealTree ├── after@0.8.2
37 silly idealTree ├── agent-base@4.3.0
37 silly idealTree ├── ajv-errors@1.0.1
37 silly idealTree ├── ajv-keywords@3.4.1
37 silly idealTree ├── ajv@6.10.2
37 silly idealTree ├─┬ align-text@0.1.4
37 silly idealTree │ └── kind-of@3.2.2
37 silly idealTree ├── amp-toolbox-core@1.2.0-alpha.2
37 silly idealTree ├── amp-toolbox-optimizer@1.2.0-alpha.1
37 silly idealTree ├── amp-toolbox-runtime-version@1.2.0-alpha.2
37 silly idealTree ├─┬ amphtml-validator@1.0.23
37 silly idealTree │ └── promise@7.1.1
37 silly idealTree ├── ansi-align@2.0.0
37 silly idealTree ├── ansi-colors@3.2.4
37 silly idealTree ├── ansi-html@0.0.7
37 silly idealTree ├── ansi-regex@3.0.0
37 silly idealTree ├── ansi-styles@3.2.1
37 silly idealTree ├── any-promise@1.3.0
37 silly idealTree ├─┬ anymatch@2.0.0
37 silly idealTree │ └── normalize-path@2.1.1
37 silly idealTree ├── aproba@1.2.0
37 silly idealTree ├── arr-diff@4.0.0
37 silly idealTree ├── arr-flatten@1.1.0
37 silly idealTree ├── arr-union@3.1.0
37 silly idealTree ├── array-filter@0.0.1
37 silly idealTree ├── array-flatten@1.1.1
37 silly idealTree ├── array-map@0.0.0
37 silly idealTree ├── array-reduce@0.0.0
37 silly idealTree ├── array-union@1.0.2
37 silly idealTree ├── array-uniq@1.0.3
37 silly idealTree ├── array-unique@0.3.2
37 silly idealTree ├── arraybuffer.slice@0.0.7
37 silly idealTree ├── asap@2.0.6
37 silly idealTree ├── asn1.js@4.10.1
37 silly idealTree ├── asn1@0.2.4
37 silly idealTree ├── assert-plus@1.0.0
37 silly idealTree ├─┬ assert@1.5.0
37 silly idealTree │ ├── inherits@2.0.1
37 silly idealTree │ └── util@0.10.3
37 silly idealTree ├── assign-symbols@1.0.0
37 silly idealTree ├── async-each@1.0.3
37 silly idealTree ├── async-limiter@1.0.0
37 silly idealTree ├── async-sema@3.0.0
37 silly idealTree ├── async@2.6.3
37 silly idealTree ├── asynckit@0.4.0
37 silly idealTree ├── atob@2.1.2
37 silly idealTree ├─┬ autodll-webpack-plugin@0.4.2
37 silly idealTree │ ├── del@3.0.0
37 silly idealTree │ ├── is-path-cwd@1.0.0
37 silly idealTree │ ├── is-path-in-cwd@1.0.1
37 silly idealTree │ └── p-map@1.2.0
37 silly idealTree ├── aws-sign2@0.7.0
37 silly idealTree ├── aws4@1.8.0
37 silly idealTree ├─┬ axios@0.19.0
37 silly idealTree │ └── is-buffer@2.0.3
37 silly idealTree ├─┬ babel-code-frame@6.26.0
37 silly idealTree │ ├── ansi-regex@2.1.1
37 silly idealTree │ ├── ansi-styles@2.2.1
37 silly idealTree │ ├── chalk@1.1.3
37 silly idealTree │ ├── js-tokens@3.0.2
37 silly idealTree │ ├── strip-ansi@3.0.1
37 silly idealTree │ └── supports-color@2.0.0
37 silly idealTree ├── babel-core@7.0.0-bridge.0
37 silly idealTree ├─┬ babel-loader@8.0.6
37 silly idealTree │ ├── find-cache-dir@2.1.0
37 silly idealTree │ ├── find-up@3.0.0
37 silly idealTree │ ├── locate-path@3.0.0
37 silly idealTree │ ├── make-dir@2.1.0
37 silly idealTree │ ├── p-limit@2.2.0
37 silly idealTree │ ├── p-locate@3.0.0
37 silly idealTree │ ├── p-try@2.2.0
37 silly idealTree │ ├── pify@4.0.1
37 silly idealTree │ └── pkg-dir@3.0.0
37 silly idealTree ├── babel-plugin-dynamic-import-node@2.3.0
37 silly idealTree ├── babel-plugin-react-require@3.0.0
37 silly idealTree ├── babel-plugin-syntax-jsx@6.18.0
37 silly idealTree ├── babel-plugin-transform-async-to-promises@0.8.10
37 silly idealTree ├── babel-plugin-transform-react-remove-prop-types@0.4.24
37 silly idealTree ├── babel-runtime@6.26.0
37 silly idealTree ├── babel-types@6.26.0
37 silly idealTree ├── babylon@6.18.0
37 silly idealTree ├── backo2@1.0.2
37 silly idealTree ├── balanced-match@1.0.0
37 silly idealTree ├─┬ base@0.11.2
37 silly idealTree │ ├── define-property@1.0.0
37 silly idealTree │ ├── is-accessor-descriptor@1.0.0
37 silly idealTree │ ├── is-data-descriptor@1.0.0
37 silly idealTree │ └── is-descriptor@1.0.2
37 silly idealTree ├── base64-arraybuffer@0.1.5
37 silly idealTree ├── base64-js@1.3.0
37 silly idealTree ├── base64id@1.0.0
37 silly idealTree ├── basic-auth@2.0.1
37 silly idealTree ├── bcrypt-pbkdf@1.0.2
37 silly idealTree ├── better-assert@1.0.2
37 silly idealTree ├── big.js@5.2.2
37 silly idealTree ├── binary-extensions@1.13.1
37 silly idealTree ├── blob@0.0.5
37 silly idealTree ├── bluebird@3.5.5
37 silly idealTree ├── bn.js@4.11.8
37 silly idealTree ├─┬ body-parser@1.19.0
37 silly idealTree │ ├── http-errors@1.7.2
37 silly idealTree │ ├── qs@6.7.0
37 silly idealTree │ ├── setprototypeof@1.1.1
37 silly idealTree │ └── statuses@1.5.0
37 silly idealTree ├── boxen@1.3.0
37 silly idealTree ├── brace-expansion@1.1.11
37 silly idealTree ├─┬ braces@2.3.2
37 silly idealTree │ └── extend-shallow@2.0.1
37 silly idealTree ├── brorand@1.1.0
37 silly idealTree ├── browserify-aes@1.2.0
37 silly idealTree ├── browserify-cipher@1.0.1
37 silly idealTree ├── browserify-des@1.0.2
37 silly idealTree ├── browserify-rsa@4.0.1
37 silly idealTree ├── browserify-sign@4.0.4
37 silly idealTree ├── browserify-zlib@0.2.0
37 silly idealTree ├── browserslist@4.6.6
37 silly idealTree ├── bson@1.1.1
37 silly idealTree ├── buffer-from@1.1.1
37 silly idealTree ├── buffer-xor@1.0.3
37 silly idealTree ├── buffer@4.9.1
37 silly idealTree ├── builtin-status-codes@3.0.0
37 silly idealTree ├── bytes@3.1.0
37 silly idealTree ├─┬ cacache@11.3.3
37 silly idealTree │ ├── lru-cache@5.1.1
37 silly idealTree │ └── yallist@3.0.3
37 silly idealTree ├── cache-base@1.0.1
37 silly idealTree ├── callsite@1.0.0
37 silly idealTree ├── camelcase@4.1.0
37 silly idealTree ├── caniuse-lite@1.0.30000985
37 silly idealTree ├── capture-stack-trace@1.0.1
37 silly idealTree ├── caseless@0.12.0
37 silly idealTree ├── center-align@0.1.3
37 silly idealTree ├── chalk@2.4.2
37 silly idealTree ├── character-parser@2.2.0
37 silly idealTree ├── chokidar@2.1.6
37 silly idealTree ├── chownr@1.1.2
37 silly idealTree ├── chrome-trace-event@1.0.2
37 silly idealTree ├── ci-info@1.6.0
37 silly idealTree ├── cipher-base@1.0.4
37 silly idealTree ├─┬ class-utils@0.3.6
37 silly idealTree │ └── define-property@0.2.5
37 silly idealTree ├─┬ clean-css@4.2.1
37 silly idealTree │ └── source-map@0.6.1
37 silly idealTree ├── cli-boxes@1.0.0
37 silly idealTree ├─┬ cli-color@1.4.0
37 silly idealTree │ └── ansi-regex@2.1.1
37 silly idealTree ├── cliui@2.1.0
37 silly idealTree ├── cls-bluebird@2.1.0
37 silly idealTree ├── collection-visit@1.0.0
37 silly idealTree ├── color-convert@1.9.3
37 silly idealTree ├── color-name@1.1.3
37 silly idealTree ├── color-string@1.5.3
37 silly idealTree ├── color@3.0.0
37 silly idealTree ├── colornames@1.1.1
37 silly idealTree ├── colors@1.1.2
37 silly idealTree ├── colorspace@1.1.2
37 silly idealTree ├── combined-stream@1.0.8
37 silly idealTree ├── commander@2.9.0
37 silly idealTree ├── commondir@1.0.1
37 silly idealTree ├── component-bind@1.0.0
37 silly idealTree ├── component-emitter@1.3.0
37 silly idealTree ├── component-inherit@0.0.3
37 silly idealTree ├── concat-map@0.0.1
37 silly idealTree ├── concat-stream@1.6.2
37 silly idealTree ├── config-chain@1.1.12
37 silly idealTree ├── configstore@3.1.2
37 silly idealTree ├── console-browserify@1.1.0
37 silly idealTree ├── constantinople@3.1.2
37 silly idealTree ├── constants-browserify@1.0.0
37 silly idealTree ├── content-disposition@0.5.2
37 silly idealTree ├── content-type@1.0.4
37 silly idealTree ├── convert-source-map@1.6.0
37 silly idealTree ├── cookie-parser@1.4.4
37 silly idealTree ├── cookie-signature@1.0.6
37 silly idealTree ├── cookie@0.3.1
37 silly idealTree ├── copy-concurrently@1.0.5
37 silly idealTree ├── copy-descriptor@0.1.1
37 silly idealTree ├─┬ core-js-compat@3.1.4
37 silly idealTree │ └── semver@6.3.0
37 silly idealTree ├── core-js-pure@3.1.4
37 silly idealTree ├── core-js@2.6.9
37 silly idealTree ├── core-util-is@1.0.2
37 silly idealTree ├── cors@2.8.5
37 silly idealTree ├── create-ecdh@4.0.3
37 silly idealTree ├── create-error-class@3.0.2
37 silly idealTree ├── create-hash@1.2.0
37 silly idealTree ├── create-hmac@1.1.7
37 silly idealTree ├── cron-parser@2.13.0
37 silly idealTree ├── cross-spawn@5.1.0
37 silly idealTree ├── crypto-browserify@3.12.0
37 silly idealTree ├── crypto-random-string@1.0.0
37 silly idealTree ├─┬ css@2.2.4
37 silly idealTree │ └── source-map@0.6.1
37 silly idealTree ├── cyclist@0.2.2
37 silly idealTree ├── d@1.0.1
37 silly idealTree ├── dashdash@1.14.1
37 silly idealTree ├── date-now@0.1.4
37 silly idealTree ├── debug@2.6.9
37 silly idealTree ├── decamelize@1.2.0
37 silly idealTree ├── decode-uri-component@0.2.0
37 silly idealTree ├── deep-extend@0.6.0
37 silly idealTree ├── define-properties@1.1.3
37 silly idealTree ├─┬ define-property@2.0.2
37 silly idealTree │ ├── is-accessor-descriptor@1.0.0
37 silly idealTree │ ├── is-data-descriptor@1.0.0
37 silly idealTree │ └── is-descriptor@1.0.2
37 silly idealTree ├── delayed-stream@1.0.0
37 silly idealTree ├── denque@1.4.1
37 silly idealTree ├── depd@1.1.2
37 silly idealTree ├── des.js@1.0.0
37 silly idealTree ├── destroy@1.0.4
37 silly idealTree ├── diagnostics@1.1.1
37 silly idealTree ├── diffie-hellman@5.0.3
37 silly idealTree ├── doctypes@1.1.0
37 silly idealTree ├── domain-browser@1.2.0
37 silly idealTree ├── dot-prop@4.2.0
37 silly idealTree ├── dotenv@8.0.0
37 silly idealTree ├── dottie@2.0.1
37 silly idealTree ├── duplexer3@0.1.4
37 silly idealTree ├── duplexify@3.7.1
37 silly idealTree ├── ecc-jsbn@0.1.2
37 silly idealTree ├─┬ editorconfig@0.15.3
37 silly idealTree │ └── commander@2.20.0
37 silly idealTree ├── ee-first@1.1.1
37 silly idealTree ├── electron-to-chromium@1.3.200
37 silly idealTree ├── elliptic@6.5.0
37 silly idealTree ├── emoji-regex@7.0.3
37 silly idealTree ├── emojis-list@2.1.0
37 silly idealTree ├── enabled@1.0.2
37 silly idealTree ├── encodeurl@1.0.2
37 silly idealTree ├── end-of-stream@1.4.1
37 silly idealTree ├─┬ engine.io-client@3.3.2
37 silly idealTree │ ├── component-emitter@1.2.1
37 silly idealTree │ ├── debug@3.1.0
37 silly idealTree │ └── ws@6.1.4
37 silly idealTree ├── engine.io-parser@2.1.3
37 silly idealTree ├─┬ engine.io@3.3.2
37 silly idealTree │ ├── debug@3.1.0
37 silly idealTree │ └── ws@6.1.4
37 silly idealTree ├── enhanced-resolve@4.1.0
37 silly idealTree ├── env-variable@0.0.5
37 silly idealTree ├── errno@0.1.7
37 silly idealTree ├── error-ex@1.3.2
37 silly idealTree ├── es5-ext@0.10.50
37 silly idealTree ├── es6-iterator@2.0.3
37 silly idealTree ├── es6-promise@4.2.8
37 silly idealTree ├── es6-promisify@5.0.0
37 silly idealTree ├── es6-symbol@3.1.1
37 silly idealTree ├── es6-weak-map@2.0.3
37 silly idealTree ├── escape-html@1.0.3
37 silly idealTree ├── escape-string-regexp@1.0.5
37 silly idealTree ├── eslint-scope@4.0.3
37 silly idealTree ├── esrecurse@4.2.1
37 silly idealTree ├── estraverse@4.2.0
37 silly idealTree ├── esutils@2.0.2
37 silly idealTree ├── etag@1.8.1
37 silly idealTree ├── event-emitter@0.3.5
37 silly idealTree ├── events@3.0.0
37 silly idealTree ├── evp_bytestokey@1.0.3
37 silly idealTree ├── execa@0.7.0
37 silly idealTree ├─┬ expand-brackets@2.1.4
37 silly idealTree │ ├── define-property@0.2.5
37 silly idealTree │ └── extend-shallow@2.0.1
37 silly idealTree ├── express-react-views@0.11.0
37 silly idealTree ├─┬ express-status-monitor@1.2.6
37 silly idealTree │ ├── debug@4.1.1
37 silly idealTree │ └── ms@2.1.2
37 silly idealTree ├─┬ express@4.16.4
37 silly idealTree │ ├── body-parser@1.18.3
37 silly idealTree │ ├── bytes@3.0.0
37 silly idealTree │ ├── iconv-lite@0.4.23
37 silly idealTree │ └── raw-body@2.3.3
37 silly idealTree ├─┬ extend-shallow@3.0.2
37 silly idealTree │ └── is-extendable@1.0.1
37 silly idealTree ├── extend@3.0.2
37 silly idealTree ├─┬ extglob@2.0.4
37 silly idealTree │ ├── define-property@1.0.0
37 silly idealTree │ ├── extend-shallow@2.0.1
37 silly idealTree │ ├── is-accessor-descriptor@1.0.0
37 silly idealTree │ ├── is-data-descriptor@1.0.0
37 silly idealTree │ └── is-descriptor@1.0.2
37 silly idealTree ├── extract-zip@1.6.7
37 silly idealTree ├── extsprintf@1.3.0
37 silly idealTree ├── fast-deep-equal@2.0.1
37 silly idealTree ├── fast-json-stable-stringify@2.0.0
37 silly idealTree ├── fast-safe-stringify@2.0.6
37 silly idealTree ├── fd-slicer@1.0.1
37 silly idealTree ├── fecha@2.3.3
37 silly idealTree ├── figgy-pudding@3.5.1
37 silly idealTree ├─┬ fill-range@4.0.0
37 silly idealTree │ └── extend-shallow@2.0.1
37 silly idealTree ├── finalhandler@1.1.1
37 silly idealTree ├── find-cache-dir@1.0.0
37 silly idealTree ├─┬ find-up@4.0.0
37 silly idealTree │ ├── locate-path@5.0.0
37 silly idealTree │ ├── p-limit@2.2.0
37 silly idealTree │ ├── p-locate@4.1.0
37 silly idealTree │ └── p-try@2.2.0
37 silly idealTree ├── flush-write-stream@1.1.1
37 silly idealTree ├─┬ follow-redirects@1.5.10
37 silly idealTree │ └── debug@3.1.0
37 silly idealTree ├── for-in@1.0.2
37 silly idealTree ├── forever-agent@0.6.1
37 silly idealTree ├── fork-ts-checker-webpack-plugin@1.3.4
37 silly idealTree ├── form-data@2.3.3
37 silly idealTree ├── forwarded@0.1.2
37 silly idealTree ├── fragment-cache@0.2.1
37 silly idealTree ├── fresh@0.5.2
37 silly idealTree ├── from2@2.3.0
37 silly idealTree ├── fs-extra@7.0.1
37 silly idealTree ├── fs-write-stream-atomic@1.0.10
37 silly idealTree ├── fs.realpath@1.0.0
37 silly idealTree ├─┬ fsevents@1.2.9
37 silly idealTree │ ├── abbrev@1.1.1
37 silly idealTree │ ├── ansi-regex@2.1.1
37 silly idealTree │ ├── aproba@1.2.0
37 silly idealTree │ ├── are-we-there-yet@1.1.5
37 silly idealTree │ ├── balanced-match@1.0.0
37 silly idealTree │ ├── brace-expansion@1.1.11
37 silly idealTree │ ├── chownr@1.1.1
37 silly idealTree │ ├── code-point-at@1.1.0
37 silly idealTree │ ├── concat-map@0.0.1
37 silly idealTree │ ├── console-control-strings@1.1.0
37 silly idealTree │ ├── core-util-is@1.0.2
37 silly idealTree │ ├── debug@4.1.1
37 silly idealTree │ ├── deep-extend@0.6.0
37 silly idealTree │ ├── delegates@1.0.0
37 silly idealTree │ ├── detect-libc@1.0.3
37 silly idealTree │ ├── fs-minipass@1.2.5
37 silly idealTree │ ├── fs.realpath@1.0.0
37 silly idealTree │ ├── gauge@2.7.4
37 silly idealTree │ ├── glob@7.1.3
37 silly idealTree │ ├── has-unicode@2.0.1
37 silly idealTree │ ├── iconv-lite@0.4.24
37 silly idealTree │ ├── ignore-walk@3.0.1
37 silly idealTree │ ├── inflight@1.0.6
37 silly idealTree │ ├── inherits@2.0.3
37 silly idealTree │ ├── ini@1.3.5
37 silly idealTree │ ├── is-fullwidth-code-point@1.0.0
37 silly idealTree │ ├── isarray@1.0.0
37 silly idealTree │ ├── minimatch@3.0.4
37 silly idealTree │ ├── minimist@0.0.8
37 silly idealTree │ ├── minipass@2.3.5
37 silly idealTree │ ├── minizlib@1.2.1
37 silly idealTree │ ├── mkdirp@0.5.1
37 silly idealTree │ ├── ms@2.1.1
37 silly idealTree │ ├── needle@2.3.0
37 silly idealTree │ ├── node-pre-gyp@0.12.0
37 silly idealTree │ ├── nopt@4.0.1
37 silly idealTree │ ├── npm-bundled@1.0.6
37 silly idealTree │ ├── npm-packlist@1.4.1
37 silly idealTree │ ├── npmlog@4.1.2
37 silly idealTree │ ├── number-is-nan@1.0.1
37 silly idealTree │ ├── object-assign@4.1.1
37 silly idealTree │ ├── once@1.4.0
37 silly idealTree │ ├── os-homedir@1.0.2
37 silly idealTree │ ├── os-tmpdir@1.0.2
37 silly idealTree │ ├── osenv@0.1.5
37 silly idealTree │ ├── path-is-absolute@1.0.1
37 silly idealTree │ ├── process-nextick-args@2.0.0
37 silly idealTree │ ├─┬ rc@1.2.8
37 silly idealTree │ │ └── minimist@1.2.0
37 silly idealTree │ ├── readable-stream@2.3.6
37 silly idealTree │ ├── rimraf@2.6.3
37 silly idealTree │ ├── safe-buffer@5.1.2
37 silly idealTree │ ├── safer-buffer@2.1.2
37 silly idealTree │ ├── sax@1.2.4
37 silly idealTree │ ├── semver@5.7.0
37 silly idealTree │ ├── set-blocking@2.0.0
37 silly idealTree │ ├── signal-exit@3.0.2
37 silly idealTree │ ├── string_decoder@1.1.1
37 silly idealTree │ ├── string-width@1.0.2
37 silly idealTree │ ├── strip-ansi@3.0.1
37 silly idealTree │ ├── strip-json-comments@2.0.1
37 silly idealTree │ ├── tar@4.4.8
37 silly idealTree │ ├── util-deprecate@1.0.2
37 silly idealTree │ ├── wide-align@1.1.3
37 silly idealTree │ ├── wrappy@1.0.2
37 silly idealTree │ └── yallist@3.0.3
37 silly idealTree ├── function-bind@1.1.1
37 silly idealTree ├── generate-function@2.3.1
37 silly idealTree ├── get-caller-file@2.0.5
37 silly idealTree ├── get-stream@3.0.0
37 silly idealTree ├── get-value@2.0.6
37 silly idealTree ├── getpass@0.1.7
37 silly idealTree ├─┬ glob-parent@3.1.0
37 silly idealTree │ └── is-glob@3.1.0
37 silly idealTree ├── glob-to-regexp@0.4.1
37 silly idealTree ├── glob@7.1.4
37 silly idealTree ├── global-dirs@0.1.1
37 silly idealTree ├── globals@11.12.0
37 silly idealTree ├─┬ globby@6.1.0
37 silly idealTree │ └── pify@2.3.0
37 silly idealTree ├── glossy@0.1.7
37 silly idealTree ├── got@6.7.1
37 silly idealTree ├── graceful-fs@4.2.0
37 silly idealTree ├── graceful-readlink@1.0.1
37 silly idealTree ├─┬ handlebars@4.1.2
37 silly idealTree │ ├── commander@2.20.0
37 silly idealTree │ ├── source-map@0.6.1
37 silly idealTree │ └── uglify-js@3.6.0
37 silly idealTree ├── har-schema@2.0.0
37 silly idealTree ├── har-validator@5.1.3
37 silly idealTree ├─┬ has-ansi@2.0.0
37 silly idealTree │ └── ansi-regex@2.1.1
37 silly idealTree ├─┬ has-binary2@1.0.3
37 silly idealTree │ └── isarray@2.0.1
37 silly idealTree ├── has-cors@1.1.0
37 silly idealTree ├── has-flag@3.0.0
37 silly idealTree ├── has-symbols@1.0.0
37 silly idealTree ├── has-value@1.0.0
37 silly idealTree ├─┬ has-values@1.0.0
37 silly idealTree │ └── kind-of@4.0.0
37 silly idealTree ├── has@1.0.3
37 silly idealTree ├── hash-base@3.0.4
37 silly idealTree ├── hash.js@1.1.7
37 silly idealTree ├── hmac-drbg@1.0.1
37 silly idealTree ├── hosted-git-info@2.7.1
37 silly idealTree ├── html-entities@1.2.1
37 silly idealTree ├── http-errors@1.6.3
37 silly idealTree ├── http-signature@1.2.0
37 silly idealTree ├── https-browserify@1.0.0
37 silly idealTree ├─┬ https-proxy-agent@2.2.2
37 silly idealTree │ ├── debug@3.2.6
37 silly idealTree │ └── ms@2.1.2
37 silly idealTree ├── iconv-lite@0.4.24
37 silly idealTree ├── ieee754@1.1.13
37 silly idealTree ├── iferr@0.1.5
37 silly idealTree ├── ignore-by-default@1.0.1
37 silly idealTree ├── import-lazy@2.1.0
37 silly idealTree ├── imurmurhash@0.1.4
37 silly idealTree ├── indexof@0.0.1
37 silly idealTree ├── inflection@1.12.0
37 silly idealTree ├── inflight@1.0.6
37 silly idealTree ├── inherits@2.0.3
37 silly idealTree ├── ini@1.3.5
37 silly idealTree ├── invariant@2.2.4
37 silly idealTree ├── ipaddr.js@1.9.0
37 silly idealTree ├─┬ is-accessor-descriptor@0.1.6
37 silly idealTree │ └── kind-of@3.2.2
37 silly idealTree ├── is-arrayish@0.2.1
37 silly idealTree ├── is-binary-path@1.0.1
37 silly idealTree ├── is-bluebird@1.0.2
37 silly idealTree ├── is-buffer@1.1.6
37 silly idealTree ├── is-ci@1.2.1
37 silly idealTree ├─┬ is-data-descriptor@0.1.4
37 silly idealTree │ └── kind-of@3.2.2
37 silly idealTree ├─┬ is-descriptor@0.1.6
37 silly idealTree │ └── kind-of@5.1.0
37 silly idealTree ├─┬ is-expression@3.0.0
37 silly idealTree │ └── acorn@4.0.13
37 silly idealTree ├── is-extendable@0.1.1
37 silly idealTree ├── is-extglob@2.1.1
37 silly idealTree ├── is-fullwidth-code-point@2.0.0
37 silly idealTree ├── is-glob@4.0.1
37 silly idealTree ├── is-installed-globally@0.1.0
37 silly idealTree ├── is-nan@1.3.0
37 silly idealTree ├── is-npm@1.0.0
37 silly idealTree ├─┬ is-number@3.0.0
37 silly idealTree │ └── kind-of@3.2.2
37 silly idealTree ├── is-obj@1.0.1
37 silly idealTree ├── is-path-inside@1.0.1
37 silly idealTree ├── is-plain-object@2.0.4
37 silly idealTree ├── is-promise@2.1.0
37 silly idealTree ├── is-property@1.0.2
37 silly idealTree ├── is-redirect@1.0.0
37 silly idealTree ├── is-regex@1.0.4
37 silly idealTree ├── is-retry-allowed@1.1.0
37 silly idealTree ├── is-stream@1.1.0
37 silly idealTree ├── is-typedarray@1.0.0
37 silly idealTree ├── is-windows@1.0.2
37 silly idealTree ├── is-wsl@1.1.0
37 silly idealTree ├── isarray@1.0.0
37 silly idealTree ├── isexe@2.0.0
37 silly idealTree ├── isobject@3.0.1
37 silly idealTree ├── isstream@0.1.2
37 silly idealTree ├─┬ js-beautify@1.10.1
37 silly idealTree │ └── nopt@4.0.1
37 silly idealTree ├── js-levenshtein@1.1.6
37 silly idealTree ├── js-stringify@1.0.2
37 silly idealTree ├── js-tokens@4.0.0
37 silly idealTree ├── jsbn@0.1.1
37 silly idealTree ├── jsesc@2.5.2
37 silly idealTree ├── json-parse-better-errors@1.0.2
37 silly idealTree ├── json-schema-traverse@0.4.1
37 silly idealTree ├── json-schema@0.2.3
37 silly idealTree ├── json-stringify-safe@5.0.1
37 silly idealTree ├── json5@2.1.0
37 silly idealTree ├── jsonfile@4.0.0
37 silly idealTree ├── jsonify@0.0.0
37 silly idealTree ├── jsprim@1.4.1
37 silly idealTree ├── jstransformer@1.0.0
37 silly idealTree ├── kind-of@6.0.2
37 silly idealTree ├── kuler@1.0.1
37 silly idealTree ├── latest-version@3.1.0
37 silly idealTree ├── launch-editor@2.2.1
37 silly idealTree ├── lazy-cache@1.0.4
37 silly idealTree ├─┬ load-json-file@2.0.0
37 silly idealTree │ └── pify@2.3.0
37 silly idealTree ├── loader-runner@2.4.0
37 silly idealTree ├─┬ loader-utils@1.2.3
37 silly idealTree │ └── json5@1.0.1
37 silly idealTree ├── locate-path@2.0.0
37 silly idealTree ├── lodash.escaperegexp@4.1.2
37 silly idealTree ├── lodash@4.17.15
37 silly idealTree ├─┬ logform@2.1.2
37 silly idealTree │ ├── colors@1.3.3
37 silly idealTree │ └── ms@2.1.2
37 silly idealTree ├── long-timeout@0.1.1
37 silly idealTree ├── long@4.0.0
37 silly idealTree ├── longest@1.0.1
37 silly idealTree ├── loose-envify@1.4.0
37 silly idealTree ├── lowercase-keys@1.0.1
37 silly idealTree ├── lru-cache@4.1.5
37 silly idealTree ├── lru-queue@0.1.0
37 silly idealTree ├── make-dir@1.3.0
37 silly idealTree ├── mamacro@0.0.3
37 silly idealTree ├── map-cache@0.2.2
37 silly idealTree ├── map-visit@1.0.0
37 silly idealTree ├── md5.js@1.3.5
37 silly idealTree ├── media-typer@0.3.0
37 silly idealTree ├── memoizee@0.4.14
37 silly idealTree ├── memory-fs@0.4.1
37 silly idealTree ├── merge-descriptors@1.0.1
37 silly idealTree ├── methods@1.1.2
37 silly idealTree ├── microevent.ts@0.1.1
37 silly idealTree ├── micromatch@3.1.10
37 silly idealTree ├── miller-rabin@4.0.1
37 silly idealTree ├── mime-db@1.40.0
37 silly idealTree ├── mime-types@2.1.24
37 silly idealTree ├── mime@1.4.1
37 silly idealTree ├── minimalistic-assert@1.0.1
37 silly idealTree ├── minimalistic-crypto-utils@1.0.1
37 silly idealTree ├── minimatch@3.0.4
37 silly idealTree ├── minimist@1.2.0
37 silly idealTree ├── mississippi@3.0.0
37 silly idealTree ├─┬ mixin-deep@1.3.2
37 silly idealTree │ └── is-extendable@1.0.1
37 silly idealTree ├─┬ mkdirp@0.5.1
37 silly idealTree │ └── minimist@0.0.8
37 silly idealTree ├── moment-timezone@0.5.26
37 silly idealTree ├── moment@2.24.0
37 silly idealTree ├── mongodb@3.3.1
37 silly idealTree ├── morgan@1.9.1
37 silly idealTree ├── move-concurrently@1.0.1
37 silly idealTree ├── ms@2.0.0
37 silly idealTree ├── mysql2@1.6.5
37 silly idealTree ├── named-placeholders@1.1.2
37 silly idealTree ├── nan@2.14.0
37 silly idealTree ├── nanomatch@1.2.13
37 silly idealTree ├── negotiator@0.6.2
37 silly idealTree ├── neo-async@2.6.1
37 silly idealTree ├─┬ next-server@9.0.2
37 silly idealTree │ ├── cookie@0.4.0
37 silly idealTree │ ├── path-to-regexp@2.1.0
37 silly idealTree │ ├── send@0.16.1
37 silly idealTree │ └── statuses@1.3.1
37 silly idealTree ├── next-tick@1.0.0
37 silly idealTree ├─┬ next@9.0.2
37 silly idealTree │ ├── ansi-regex@4.1.0
37 silly idealTree │ ├── source-map@0.6.1
37 silly idealTree │ └── strip-ansi@5.2.0
37 silly idealTree ├── node-fetch@2.6.0
37 silly idealTree ├─┬ node-libs-browser@2.2.1
37 silly idealTree │ └── punycode@1.4.1
37 silly idealTree ├── node-modules-regexp@1.0.0
37 silly idealTree ├── node-persist@3.0.5
37 silly idealTree ├── node-releases@1.1.26
37 silly idealTree ├── node-schedule@1.3.2
37 silly idealTree ├─┬ nodemon@1.19.1
37 silly idealTree │ ├── debug@3.2.6
37 silly idealTree │ └── ms@2.1.2
37 silly idealTree ├── nopt@1.0.10
37 silly idealTree ├── normalize-package-data@2.5.0
37 silly idealTree ├── normalize-path@3.0.0
37 silly idealTree ├── npm-run-path@2.0.2
37 silly idealTree ├── oauth-sign@0.9.0
37 silly idealTree ├── object-assign@4.1.1
37 silly idealTree ├── object-component@0.0.3
37 silly idealTree ├─┬ object-copy@0.1.0
37 silly idealTree │ ├── define-property@0.2.5
37 silly idealTree │ └── kind-of@3.2.2
37 silly idealTree ├── object-keys@1.1.1
37 silly idealTree ├── object-visit@1.0.1
37 silly idealTree ├── object.assign@4.1.0
37 silly idealTree ├── object.pick@1.3.0
37 silly idealTree ├── on-finished@2.3.0
37 silly idealTree ├── on-headers@1.0.2
37 silly idealTree ├── once@1.4.0
37 silly idealTree ├── one-time@0.0.4
37 silly idealTree ├─┬ optimist@0.6.1
37 silly idealTree │ └── minimist@0.0.10
37 silly idealTree ├── os-browserify@0.3.0
37 silly idealTree ├── os-homedir@1.0.2
37 silly idealTree ├── os-tmpdir@1.0.2
37 silly idealTree ├── osenv@0.1.5
37 silly idealTree ├── p-finally@1.0.0
37 silly idealTree ├── p-limit@1.3.0
37 silly idealTree ├── p-locate@2.0.0
37 silly idealTree ├── p-try@1.0.0
37 silly idealTree ├── package-json@4.0.1
37 silly idealTree ├── pako@1.0.10
37 silly idealTree ├── parallel-transform@1.1.0
37 silly idealTree ├── parse-asn1@5.1.4
37 silly idealTree ├── parse-json@2.2.0
37 silly idealTree ├── parse5-htmlparser2-tree-adapter@5.1.0
37 silly idealTree ├── parse5@5.1.0
37 silly idealTree ├── parseqs@0.0.5
37 silly idealTree ├── parseuri@0.0.5
37 silly idealTree ├── parseurl@1.3.3
37 silly idealTree ├── pascalcase@0.1.1
37 silly idealTree ├── path-browserify@0.0.1
37 silly idealTree ├── path-dirname@1.0.2
37 silly idealTree ├── path-exists@3.0.0
37 silly idealTree ├── path-is-absolute@1.0.1
37 silly idealTree ├── path-is-inside@1.0.2
37 silly idealTree ├── path-key@2.0.1
37 silly idealTree ├── path-parse@1.0.6
37 silly idealTree ├── path-to-regexp@0.1.7
37 silly idealTree ├─┬ path-type@2.0.0
37 silly idealTree │ └── pify@2.3.0
37 silly idealTree ├── pbkdf2@3.0.17
37 silly idealTree ├── pend@1.2.0
37 silly idealTree ├── performance-now@2.1.0
37 silly idealTree ├── pidusage@2.0.17
37 silly idealTree ├── pify@3.0.0
37 silly idealTree ├── pinkie-promise@2.0.1
37 silly idealTree ├── pinkie@2.0.4
37 silly idealTree ├── pirates@4.0.1
37 silly idealTree ├─┬ pkg-dir@2.0.0
37 silly idealTree │ └── find-up@2.1.0
37 silly idealTree ├── posix-character-classes@0.1.1
37 silly idealTree ├── prepend-http@1.0.4
37 silly idealTree ├── private@0.1.8
37 silly idealTree ├── process-nextick-args@2.0.1
37 silly idealTree ├── process@0.11.10
37 silly idealTree ├── progress@2.0.3
37 silly idealTree ├── promise-inflight@1.0.1
37 silly idealTree ├── promise@7.3.1
37 silly idealTree ├── prop-types-exact@1.2.0
37 silly idealTree ├── prop-types@15.7.2
37 silly idealTree ├── proto-list@1.2.4
37 silly idealTree ├── proxy-addr@2.0.5
37 silly idealTree ├── proxy-from-env@1.0.0
37 silly idealTree ├── prr@1.0.1
37 silly idealTree ├── pseudomap@1.0.2
37 silly idealTree ├── psl@1.2.0
37 silly idealTree ├── pstree.remy@1.1.7
37 silly idealTree ├── public-encrypt@4.0.3
37 silly idealTree ├── pug-attrs@2.0.4
37 silly idealTree ├── pug-code-gen@2.0.2
37 silly idealTree ├── pug-error@1.3.3
37 silly idealTree ├── pug-filters@3.1.1
37 silly idealTree ├── pug-lexer@4.1.0
37 silly idealTree ├── pug-linker@3.0.6
37 silly idealTree ├── pug-load@2.0.12
37 silly idealTree ├── pug-parser@5.0.1
37 silly idealTree ├── pug-runtime@2.0.5
37 silly idealTree ├── pug-strip-comments@1.0.4
37 silly idealTree ├── pug-walk@1.1.8
37 silly idealTree ├── pug@2.0.4
37 silly idealTree ├── pump@3.0.0
37 silly idealTree ├─┬ pumpify@1.5.1
37 silly idealTree │ └── pump@2.0.1
37 silly idealTree ├── punycode@2.1.1
37 silly idealTree ├─┬ puppeteer@1.19.0
37 silly idealTree │ ├── debug@4.1.1
37 silly idealTree │ ├── mime@2.4.4
37 silly idealTree │ └── ms@2.1.2
37 silly idealTree ├── qs@6.5.2
37 silly idealTree ├── querystring-es3@0.2.1
37 silly idealTree ├── querystring@0.2.0
37 silly idealTree ├── randombytes@2.1.0
37 silly idealTree ├── randomfill@1.0.4
37 silly idealTree ├── range-parser@1.2.1
37 silly idealTree ├─┬ raw-body@2.4.0
37 silly idealTree │ ├── http-errors@1.7.2
37 silly idealTree │ ├── setprototypeof@1.1.1
37 silly idealTree │ └── statuses@1.5.0
37 silly idealTree ├── rc@1.2.8
37 silly idealTree ├── react-dom@16.8.6
37 silly idealTree ├── react-error-overlay@5.1.6
37 silly idealTree ├── react-is@16.8.6
37 silly idealTree ├── react@16.8.6
37 silly idealTree ├── read-pkg@2.0.0
37 silly idealTree ├── readable-stream@2.3.6
37 silly idealTree ├── readdirp@2.2.1
37 silly idealTree ├── reflect.ownkeys@0.2.0
37 silly idealTree ├── regenerate-unicode-properties@8.1.0
37 silly idealTree ├── regenerate@1.4.0
37 silly idealTree ├── regenerator-runtime@0.11.1
37 silly idealTree ├── regenerator-transform@0.14.1
37 silly idealTree ├── regex-not@1.0.2
37 silly idealTree ├── regexp-tree@0.1.11
37 silly idealTree ├── regexpu-core@4.5.4
37 silly idealTree ├── registry-auth-token@3.4.0
37 silly idealTree ├── registry-url@3.1.0
37 silly idealTree ├── regjsgen@0.5.0
37 silly idealTree ├─┬ regjsparser@0.6.0
37 silly idealTree │ └── jsesc@0.5.0
37 silly idealTree ├── remove-trailing-separator@1.1.0
37 silly idealTree ├── repeat-element@1.1.3
37 silly idealTree ├── repeat-string@1.6.1
37 silly idealTree ├── request@2.88.0
37 silly idealTree ├── require_optional@1.0.1
37 silly idealTree ├── require-directory@2.1.1
37 silly idealTree ├── require-main-filename@2.0.0
37 silly idealTree ├── resolve-from@2.0.0
37 silly idealTree ├── resolve-url@0.2.1
37 silly idealTree ├── resolve@1.11.1
37 silly idealTree ├── ret@0.1.15
37 silly idealTree ├── retry-as-promised@3.2.0
37 silly idealTree ├── right-align@0.1.3
37 silly idealTree ├── rimraf@2.6.3
37 silly idealTree ├── ripemd160@2.0.2
37 silly idealTree ├── run-queue@1.0.3
37 silly idealTree ├── safe-buffer@5.1.2
37 silly idealTree ├── safe-regex@1.1.0
37 silly idealTree ├── safer-buffer@2.1.2
37 silly idealTree ├── scheduler@0.13.6
37 silly idealTree ├── schema-utils@1.0.0
37 silly idealTree ├── semver-diff@2.1.0
37 silly idealTree ├── semver@5.7.0
37 silly idealTree ├── send@0.16.2
37 silly idealTree ├── seq-queue@0.0.5
37 silly idealTree ├─┬ sequelize-cli@5.5.0
37 silly idealTree │ ├── ansi-regex@4.1.0
37 silly idealTree │ ├── cliui@5.0.0
37 silly idealTree │ ├── find-up@3.0.0
37 silly idealTree │ ├── locate-path@3.0.0
37 silly idealTree │ ├── p-limit@2.2.0
37 silly idealTree │ ├── p-locate@3.0.0
37 silly idealTree │ ├── p-try@2.2.0
37 silly idealTree │ ├── string-width@3.1.0
37 silly idealTree │ ├── strip-ansi@5.2.0
37 silly idealTree │ └── yargs@13.3.0
37 silly idealTree ├── sequelize-pool@2.3.0
37 silly idealTree ├─┬ sequelize@5.10.3
37 silly idealTree │ ├── debug@4.1.1
37 silly idealTree │ ├── ms@2.1.2
37 silly idealTree │ └── semver@6.3.0
37 silly idealTree ├── serialize-javascript@1.7.0
37 silly idealTree ├── serve-static@1.13.2
37 silly idealTree ├── set-blocking@2.0.0
37 silly idealTree ├─┬ set-value@2.0.1
37 silly idealTree │ └── extend-shallow@2.0.1
37 silly idealTree ├── setimmediate@1.0.5
37 silly idealTree ├── setprototypeof@1.1.0
37 silly idealTree ├── sha.js@2.4.11
37 silly idealTree ├── shebang-command@1.2.0
37 silly idealTree ├── shebang-regex@1.0.0
37 silly idealTree ├── shell-quote@1.6.1
37 silly idealTree ├── shimmer@1.2.1
37 silly idealTree ├── sigmund@1.0.1
37 silly idealTree ├── signal-exit@3.0.2
37 silly idealTree ├─┬ simple-swizzle@0.2.2
37 silly idealTree │ └── is-arrayish@0.3.2
37 silly idealTree ├─┬ snapdragon-node@2.1.1
37 silly idealTree │ ├── define-property@1.0.0
37 silly idealTree │ ├── is-accessor-descriptor@1.0.0
37 silly idealTree │ ├── is-data-descriptor@1.0.0
37 silly idealTree │ └── is-descriptor@1.0.2
37 silly idealTree ├─┬ snapdragon-util@3.0.1
37 silly idealTree │ └── kind-of@3.2.2
37 silly idealTree ├─┬ snapdragon@0.8.2
37 silly idealTree │ ├── define-property@0.2.5
37 silly idealTree │ └── extend-shallow@2.0.1
37 silly idealTree ├── socket.io-adapter@1.1.1
37 silly idealTree ├─┬ socket.io-client@2.2.0
37 silly idealTree │ ├── component-emitter@1.2.1
37 silly idealTree │ └── debug@3.1.0
37 silly idealTree ├─┬ socket.io-parser@3.3.0
37 silly idealTree │ ├── component-emitter@1.2.1
37 silly idealTree │ ├── debug@3.1.0
37 silly idealTree │ └── isarray@2.0.1
37 silly idealTree ├─┬ socket.io@2.2.0
37 silly idealTree │ ├── debug@4.1.1
37 silly idealTree │ └── ms@2.1.2
37 silly idealTree ├── sorted-array-functions@1.2.0
37 silly idealTree ├── source-list-map@2.0.1
37 silly idealTree ├── source-map-resolve@0.5.2
37 silly idealTree ├─┬ source-map-support@0.5.12
37 silly idealTree │ └── source-map@0.6.1
37 silly idealTree ├── source-map-url@0.4.0
37 silly idealTree ├── source-map@0.5.7
37 silly idealTree ├── spdx-correct@3.1.0
37 silly idealTree ├── spdx-exceptions@2.2.0
37 silly idealTree ├── spdx-expression-parse@3.0.0
37 silly idealTree ├── spdx-license-ids@3.0.5
37 silly idealTree ├── split-string@3.1.0
37 silly idealTree ├── sqlstring@2.3.1
37 silly idealTree ├── sshpk@1.16.1
37 silly idealTree ├── ssri@6.0.1
37 silly idealTree ├── stack-trace@0.0.10
37 silly idealTree ├─┬ static-extend@0.1.2
37 silly idealTree │ └── define-property@0.2.5
37 silly idealTree ├── statuses@1.4.0
37 silly idealTree ├── stream-browserify@2.0.2
37 silly idealTree ├── stream-each@1.2.3
37 silly idealTree ├── stream-http@2.8.3
37 silly idealTree ├── stream-shift@1.0.0
37 silly idealTree ├── string_decoder@1.1.1
37 silly idealTree ├── string-hash@1.1.3
37 silly idealTree ├── string-width@2.1.1
37 silly idealTree ├── strip-ansi@4.0.0
37 silly idealTree ├── strip-bom@3.0.0
37 silly idealTree ├── strip-eof@1.0.0
37 silly idealTree ├── strip-json-comments@2.0.1
37 silly idealTree ├─┬ styled-jsx@3.2.1
37 silly idealTree │ └── source-map@0.7.3
37 silly idealTree ├── stylis-rule-sheet@0.0.10
37 silly idealTree ├── stylis@3.5.4
37 silly idealTree ├── supports-color@5.5.0
37 silly idealTree ├── tapable@1.1.3
37 silly idealTree ├── term-size@1.2.0
37 silly idealTree ├─┬ terser-webpack-plugin@1.3.0
37 silly idealTree │ ├── find-cache-dir@2.1.0
37 silly idealTree │ ├── find-up@3.0.0
37 silly idealTree │ ├── locate-path@3.0.0
37 silly idealTree │ ├── make-dir@2.1.0
37 silly idealTree │ ├── p-limit@2.2.0
37 silly idealTree │ ├── p-locate@3.0.0
37 silly idealTree │ ├── p-try@2.2.0
37 silly idealTree │ ├── pify@4.0.1
37 silly idealTree │ ├── pkg-dir@3.0.0
37 silly idealTree │ └── source-map@0.6.1
37 silly idealTree ├─┬ terser@4.0.0
37 silly idealTree │ ├── commander@2.20.0
37 silly idealTree │ └── source-map@0.6.1
37 silly idealTree ├── text-hex@1.0.0
37 silly idealTree ├── through2@2.0.5
37 silly idealTree ├── timed-out@4.0.1
37 silly idealTree ├── timers-browserify@2.0.10
37 silly idealTree ├── timers-ext@0.1.7
37 silly idealTree ├── to-array@0.1.4
37 silly idealTree ├── to-arraybuffer@1.0.1
37 silly idealTree ├── to-fast-properties@1.0.3
37 silly idealTree ├─┬ to-object-path@0.3.0
37 silly idealTree │ └── kind-of@3.2.2
37 silly idealTree ├── to-regex-range@2.1.1
37 silly idealTree ├── to-regex@3.0.2
37 silly idealTree ├── toidentifier@1.0.0
37 silly idealTree ├── token-stream@0.0.1
37 silly idealTree ├── toposort-class@1.0.1
37 silly idealTree ├── touch@3.1.0
37 silly idealTree ├─┬ tough-cookie@2.4.3
37 silly idealTree │ └── punycode@1.4.1
37 silly idealTree ├── trim-right@1.0.1
37 silly idealTree ├── triple-beam@1.3.0
37 silly idealTree ├── tslib@1.10.0
37 silly idealTree ├── tty-aware-progress@1.0.4
37 silly idealTree ├── tty-browserify@0.0.0
37 silly idealTree ├── tunnel-agent@0.6.0
37 silly idealTree ├── tweetnacl@0.14.5
37 silly idealTree ├── type-is@1.6.18
37 silly idealTree ├── type@1.0.1
37 silly idealTree ├── typedarray@0.0.6
37 silly idealTree ├── uglify-js@2.8.29
37 silly idealTree ├── uglify-to-browserify@1.0.2
37 silly idealTree ├── umzug@2.2.0
37 silly idealTree ├── undefsafe@2.0.2
37 silly idealTree ├── unfetch@4.1.0
37 silly idealTree ├── unicode-canonical-property-names-ecmascript@1.0.4
37 silly idealTree ├── unicode-match-property-ecmascript@1.0.4
37 silly idealTree ├── unicode-match-property-value-ecmascript@1.1.0
37 silly idealTree ├── unicode-property-aliases-ecmascript@1.0.5
37 silly idealTree ├── union-value@1.0.1
37 silly idealTree ├── unique-filename@1.1.1
37 silly idealTree ├── unique-slug@2.0.2
37 silly idealTree ├── unique-string@1.0.0
37 silly idealTree ├── universalify@0.1.2
37 silly idealTree ├── unpipe@1.0.0
37 silly idealTree ├─┬ unset-value@1.0.0
37 silly idealTree │ ├─┬ has-value@0.3.1
37 silly idealTree │ │ └── isobject@2.1.0
37 silly idealTree │ └── has-values@0.1.4
37 silly idealTree ├── unzip-response@2.0.1
37 silly idealTree ├── upath@1.1.2
37 silly idealTree ├── update-notifier@2.5.0
37 silly idealTree ├── uri-js@4.2.2
37 silly idealTree ├── urix@0.1.0
37 silly idealTree ├── url-parse-lax@1.0.0
37 silly idealTree ├─┬ url@0.11.0
37 silly idealTree │ └── punycode@1.3.2
37 silly idealTree ├── use@3.1.1
37 silly idealTree ├── util-deprecate@1.0.2
37 silly idealTree ├── util@0.11.1
37 silly idealTree ├── utils-merge@1.0.1
37 silly idealTree ├── uuid@3.3.2
37 silly idealTree ├── validate-npm-package-license@3.0.4
37 silly idealTree ├── validator@10.11.0
37 silly idealTree ├── vary@1.1.2
37 silly idealTree ├── verror@1.10.0
37 silly idealTree ├── vm-browserify@1.1.0
37 silly idealTree ├── void-elements@2.0.1
37 silly idealTree ├── watchpack@2.0.0-beta.5
37 silly idealTree ├─┬ webpack-dev-middleware@3.7.0
37 silly idealTree │ └── mime@2.4.4
37 silly idealTree ├─┬ webpack-hot-middleware@2.25.0
37 silly idealTree │ ├── ansi-regex@2.1.1
37 silly idealTree │ └── strip-ansi@3.0.1
37 silly idealTree ├── webpack-log@2.0.0
37 silly idealTree ├── webpack-merge@4.2.1
37 silly idealTree ├─┬ webpack-sources@1.3.0
37 silly idealTree │ └── source-map@0.6.1
37 silly idealTree ├─┬ webpack@4.35.3
37 silly idealTree │ ├── acorn@6.2.1
37 silly idealTree │ └── watchpack@1.6.0
37 silly idealTree ├── which-module@2.0.0
37 silly idealTree ├── which@1.3.1
37 silly idealTree ├── widest-line@2.0.1
37 silly idealTree ├── window-size@0.1.0
37 silly idealTree ├── winston-papertrail@1.0.5
37 silly idealTree ├── winston-transport@4.3.0
37 silly idealTree ├─┬ winston@3.2.1
37 silly idealTree │ └── readable-stream@3.4.0
37 silly idealTree ├── with@5.1.1
37 silly idealTree ├── wkx@0.4.7
37 silly idealTree ├── wordwrap@0.0.2
37 silly idealTree ├── worker-farm@1.7.0
37 silly idealTree ├── worker-rpc@0.1.1
37 silly idealTree ├─┬ wrap-ansi@5.1.0
37 silly idealTree │ ├── ansi-regex@4.1.0
37 silly idealTree │ ├── string-width@3.1.0
37 silly idealTree │ └── strip-ansi@5.2.0
37 silly idealTree ├── wrappy@1.0.2
37 silly idealTree ├── write-file-atomic@2.4.3
37 silly idealTree ├── ws@6.2.1
37 silly idealTree ├── xdg-basedir@3.0.0
37 silly idealTree ├── xmlhttprequest-ssl@1.5.5
37 silly idealTree ├── xtend@4.0.2
37 silly idealTree ├── y18n@4.0.0
37 silly idealTree ├── yallist@2.1.2
37 silly idealTree ├─┬ yargs-parser@13.1.1
37 silly idealTree │ └── camelcase@5.3.1
37 silly idealTree ├─┬ yargs@3.10.0
37 silly idealTree │ └── camelcase@1.2.1
37 silly idealTree ├── yauzl@2.4.1
37 silly idealTree └── yeast@0.1.2
38 silly install generateActionsToTake
39 timing npm Completed in 7328ms
40 error cb() never called!
41 error This is an error with npm itself. Please report this error at:
42 error <https://npm.community>
